Log file open, 05/22/25 17:22:17
LogWindows: Failed to load 'aqProf.dll' (GetLastError=126)
LogWindows: File 'aqProf.dll' does not exist
LogWindows: Failed to load 'VtuneApi.dll' (GetLastError=126)
LogWindows: File 'VtuneApi.dll' does not exist
LogWindows: Failed to load 'VtuneApi32e.dll' (GetLastError=126)
LogWindows: File 'VtuneApi32e.dll' does not exist
LogConsoleResponse: Display: Failed to find resolution value strings in scalability ini. Falling back to default.
LogConsoleResponse: Display: Failed to find resolution value strings in scalability ini. Falling back to default.
LogInit: Display: Running engine for game: SavonRancer2
LogPlatformFile: Not using cached read wrapper
LogTaskGraph: Started task graph with 5 named threads and 20 total threads with 3 sets of task threads.
LogStats: Stats thread started at 1.021151
LogICUInternationalization: ICU TimeZone Detection - Raw Offset: +1:00, Platform Override: ''
LogInit: Display: Loading text-based GConfig....
LogPluginManager: Mounting plugin MeshPainting
LogPluginManager: Mounting plugin XGEController
LogPluginManager: Mounting plugin AISupport
LogPluginManager: Mounting plugin EnvironmentQueryEditor
LogPluginManager: Mounting plugin Paper2D
LogPluginManager: Mounting plugin LiveLink
LogPluginManager: Mounting plugin LightPropagationVolume
LogPluginManager: Mounting plugin CameraShakePreviewer
LogPluginManager: Mounting plugin GameplayCameras
LogPluginManager: Mounting plugin OodleData
LogPluginManager: Mounting plugin OodleNetwork
LogPluginManager: Mounting plugin CLionSourceCodeAccess
LogPluginManager: Mounting plugin AnimationSharing
LogPluginManager: Mounting plugin CodeLiteSourceCodeAccess
LogPluginManager: Mounting plugin GitSourceControl
LogPluginManager: Mounting plugin KDevelopSourceCodeAccess
LogPluginManager: Mounting plugin NullSourceCodeAccess
LogPluginManager: Mounting plugin PerforceSourceControl
LogPluginManager: Mounting plugin PixWinPlugin
LogPluginManager: Mounting plugin PlasticSourceControl
LogPluginManager: Mounting plugin PluginUtils
LogPluginManager: Mounting plugin PropertyAccessNode
LogPluginManager: Mounting plugin RiderSourceCodeAccess
LogPluginManager: Mounting plugin SubversionSourceControl
LogPluginManager: Mounting plugin UObjectPlugin
LogPluginManager: Mounting plugin TextureFormatOodle
LogPluginManager: Mounting plugin VisualStudioCodeSourceCodeAccess
LogPluginManager: Mounting plugin XCodeSourceCodeAccess
LogPluginManager: Mounting plugin AssetManagerEditor
LogPluginManager: Mounting plugin CryptoKeys
LogPluginManager: Mounting plugin DataValidation
LogPluginManager: Mounting plugin VisualStudioSourceCodeAccess
LogPluginManager: Mounting plugin FacialAnimation
LogPluginManager: Mounting plugin GameplayTagsEditor
LogPluginManager: Mounting plugin GeometryMode
LogPluginManager: Mounting plugin MacGraphicsSwitching
LogPluginManager: Mounting plugin MaterialAnalyzer
LogPluginManager: Mounting plugin MobileLauncherProfileWizard
LogPluginManager: Mounting plugin PluginBrowser
LogPluginManager: Mounting plugin SpeedTreeImporter
LogPluginManager: Mounting plugin AlembicImporter
LogPluginManager: Mounting plugin BackChannel
LogPluginManager: Mounting plugin AutomationUtils
LogPluginManager: Mounting plugin ChaosClothEditor
LogPluginManager: Mounting plugin ChaosCloth
LogPluginManager: Mounting plugin ChaosEditor
LogPluginManager: Mounting plugin ChaosSolverPlugin
LogPluginManager: Mounting plugin ChaosVehiclesPlugin
LogPluginManager: Mounting plugin ChaosNiagara
LogPluginManager: Mounting plugin CharacterAI
LogPluginManager: Mounting plugin GeometryCache
LogPluginManager: Mounting plugin GeometryProcessing
LogPluginManager: Mounting plugin GeometryCollectionPlugin
LogPluginManager: Mounting plugin MotoSynth
LogPluginManager: Mounting plugin OpenImageDenoise
LogPluginManager: Mounting plugin PlatformCrypto
LogPluginManager: Mounting plugin PlanarCut
LogPluginManager: Mounting plugin ProxyLODPlugin
LogPluginManager: Mounting plugin RawInput
LogPluginManager: Mounting plugin PythonScriptPlugin
LogPluginManager: Mounting plugin SkeletalReduction
LogPluginManager: Mounting plugin Niagara
LogPluginManager: Mounting plugin NiagaraExtras
LogPluginManager: Mounting plugin TcpMessaging
LogPluginManager: Mounting plugin UdpMessaging
LogPluginManager: Mounting plugin LevelSequenceEditor
LogPluginManager: Mounting plugin ActorSequence
LogPluginManager: Mounting plugin MatineeToLevelSequence
LogPluginManager: Mounting plugin TemplateSequence
LogPluginManager: Mounting plugin OnlineSubsystem
LogPluginManager: Mounting plugin OnlineSubsystemNull
LogPluginManager: Mounting plugin OnlineSubsystemSteam
LogPluginManager: Mounting plugin OnlineSubsystemUtils
LogPluginManager: Mounting plugin AndroidMedia
LogPluginManager: Mounting plugin AvfMedia
LogPluginManager: Mounting plugin ImgMedia
LogPluginManager: Mounting plugin MediaCompositing
LogPluginManager: Mounting plugin MediaPlayerEditor
LogPluginManager: Mounting plugin WebMMedia
LogPluginManager: Mounting plugin WmfMedia
LogPluginManager: Mounting plugin LuminPlatformFeatures
LogPluginManager: Mounting plugin MagicLeap
LogPluginManager: Mounting plugin DatasmithContent
LogPluginManager: Mounting plugin VariantManagerContent
LogPluginManager: Mounting plugin ScreenshotTools
LogPluginManager: Mounting plugin ActorLayerUtilities
LogPluginManager: Mounting plugin AndroidDeviceProfileSelector
LogPluginManager: Mounting plugin AndroidPermission
LogPluginManager: Mounting plugin AndroidMoviePlayer
LogPluginManager: Mounting plugin AppleImageUtils
LogPluginManager: Mounting plugin AppleMoviePlayer
LogPluginManager: Mounting plugin ArchVisCharacter
LogPluginManager: Mounting plugin AssetTags
LogPluginManager: Mounting plugin AudioCapture
LogPluginManager: Mounting plugin CableComponent
LogPluginManager: Mounting plugin ChunkDownloader
LogPluginManager: Mounting plugin AudioSynesthesia
LogPluginManager: Mounting plugin CustomMeshComponent
LogPluginManager: Mounting plugin EditableMesh
LogPluginManager: Mounting plugin ExampleDeviceProfileSelector
LogPluginManager: Mounting plugin GooglePAD
LogPluginManager: Mounting plugin GoogleCloudMessaging
LogPluginManager: Mounting plugin IOSDeviceProfileSelector
LogPluginManager: Mounting plugin LinuxDeviceProfileSelector
LogPluginManager: Mounting plugin LocationServicesBPLibrary
LogPluginManager: Mounting plugin MobilePatchingUtils
LogPluginManager: Mounting plugin OpenXR
LogPluginManager: Mounting plugin OpenXREyeTracker
LogPluginManager: Mounting plugin CurveEditorTools
LogPluginManager: Mounting plugin OpenXRHandTracking
LogPluginManager: Mounting plugin PostSplashScreen
LogPluginManager: Mounting plugin ProceduralMeshComponent
LogPluginManager: Mounting plugin PropertyAccessEditor
LogPluginManager: Mounting plugin RuntimePhysXCooking
LogPluginManager: Mounting plugin SignificanceManager
LogPluginManager: Mounting plugin SoundFields
LogPluginManager: Mounting plugin Synthesis
LogPluginManager: Mounting plugin WebMMoviePlayer
LogPluginManager: Mounting plugin WindowsMoviePlayer
LogPluginManager: Mounting plugin LauncherChunkInstaller
LogPluginManager: Mounting plugin Takes
LogPluginManager: Mounting plugin PhysXVehicles
LogPluginManager: Mounting plugin MagicLeapLightEstimation
LogPluginManager: Mounting plugin MagicLeapMedia
LogPluginManager: Mounting plugin MLSDK
LogPluginManager: Mounting plugin MagicLeapPassableWorld
LogPluginManager: Mounting plugin ContentBrowserClassDataSource
LogPluginManager: Mounting plugin ContentBrowserFileDataSource
LogPluginManager: Mounting plugin ContentBrowserAssetDataSource
LogPluginManager: Mounting plugin OnlineSubsystemGooglePlay
LogPluginManager: Mounting plugin OnlineSubsystemIOS
LogPluginManager: Mounting plugin OculusVR
LogPluginManager: Mounting plugin SteamShared
LogPluginManager: Mounting plugin SteamVR
LogPluginManager: Mounting plugin AdvancedSessions
LogPluginManager: Mounting plugin AdvancedSteamSessions
PixWinPlugin: PIX capture plugin failed to initialize! Check that the process is launched from PIX.
LogInit: Using libcurl 7.55.1-DEV
LogInit:  - built for x86_64-pc-win32
LogInit:  - supports SSL with OpenSSL/1.1.1
LogInit:  - supports HTTP deflate (compression) using libz 1.2.8
LogInit:  - other features:
LogInit:      CURL_VERSION_SSL
LogInit:      CURL_VERSION_LIBZ
LogInit:      CURL_VERSION_IPV6
LogInit:      CURL_VERSION_ASYNCHDNS
LogInit:      CURL_VERSION_LARGEFILE
LogInit:      CURL_VERSION_IDN
LogInit:  CurlRequestOptions (configurable via config and command line):
LogInit:  - bVerifyPeer = true  - Libcurl will verify peer certificate
LogInit:  - bUseHttpProxy = false  - Libcurl will NOT use HTTP proxy
LogInit:  - bDontReuseConnections = false  - Libcurl will reuse connections
LogInit:  - MaxHostConnections = 16  - Libcurl will limit the number of connections to a host
LogInit:  - LocalHostAddr = Default
LogInit:  - BufferSize = 65536
LogOnline: OSS: Creating online subsystem instance for: NULL
LogInit: WinSock: version 1.1 (2.2), MaxSocks=32767, MaxUdp=65467
LogOnline: OSS: TryLoadSubsystemAndSetDefault: Loaded subsystem for module [NULL]
LogOculusPluginWrapper: OculusPlugin initialized successfully
LogHMD: Failed initializing OVRPlugin 1.59.0
LogInit: Build: ++UE4+Release-4.27-CL-18319896
LogInit: Engine Version: 4.27.2-18319896+++UE4+Release-4.27
LogInit: Compatible Engine Version: 4.27.0-17155196+++UE4+Release-4.27
LogInit: Net CL: 17155196
LogInit: OS: Windows 10 (Release 2009) (), CPU: AMD Ryzen 5 4500U with Radeon Graphics         , GPU: AMD Radeon(TM) Graphics
LogInit: Compiled (64-bit): Nov 30 2021 07:12:08
LogInit: Compiled with Visual C++: 19.24.28315.00
LogInit: Build Configuration: Development
LogInit: Branch Name: ++UE4+Release-4.27
LogInit: Command Line:  /Game/Maps/Menu/Menu -game -PIEVIACONSOLE -Multiprocess "GameUserSettingsINI=C:/Users/mathe/Documents/Unreal Projects/SavonRancer2/Saved/Config/Windows/PIEGameUserSettings1.ini" -MultiprocessSaveConfig -forcepassthrough -messaging -SessionName="Play in Standalone Game" -windowed -WinX=684 -WinY=363 SAVEWINPOS=1 -ResX=1102 -ResY=614
LogInit: Base Directory: C:/Program Files/Epic Games/UE_4.27/Engine/Binaries/Win64/
LogInit: Allocator: TBB
LogInit: Installed Engine Build: 1
LogDevObjectVersion: Number of dev versions registered: 29
LogDevObjectVersion:   Dev-Blueprints (B0D832E4-1F89-4F0D-ACCF-7EB736FD4AA2): 10
LogDevObjectVersion:   Dev-Build (E1C64328-A22C-4D53-A36C-8E866417BD8C): 0
LogDevObjectVersion:   Dev-Core (375EC13C-06E4-48FB-B500-84F0262A717E): 4
LogDevObjectVersion:   Dev-Editor (E4B068ED-F494-42E9-A231-DA0B2E46BB41): 40
LogDevObjectVersion:   Dev-Framework (CFFC743F-43B0-4480-9391-14DF171D2073): 37
LogDevObjectVersion:   Dev-Mobile (B02B49B5-BB20-44E9-A304-32B752E40360): 3
LogDevObjectVersion:   Dev-Networking (A4E4105C-59A1-49B5-A7C5-40C4547EDFEE): 0
LogDevObjectVersion:   Dev-Online (39C831C9-5AE6-47DC-9A44-9C173E1C8E7C): 0
LogDevObjectVersion:   Dev-Physics (78F01B33-EBEA-4F98-B9B4-84EACCB95AA2): 14
LogDevObjectVersion:   Dev-Platform (6631380F-2D4D-43E0-8009-CF276956A95A): 0
LogDevObjectVersion:   Dev-Rendering (12F88B9F-8875-4AFC-A67C-D90C383ABD29): 45
LogDevObjectVersion:   Dev-Sequencer (7B5AE74C-D270-4C10-A958-57980B212A5A): 13
LogDevObjectVersion:   Dev-VR (D7296918-1DD6-4BDD-9DE2-64A83CC13884): 3
LogDevObjectVersion:   Dev-LoadTimes (C2A15278-BFE7-4AFE-6C17-90FF531DF755): 1
LogDevObjectVersion:   Private-Geometry (6EACA3D4-40EC-4CC1-B786-8BED09428FC5): 3
LogDevObjectVersion:   Dev-AnimPhys (29E575DD-E0A3-4627-9D10-D276232CDCEA): 17
LogDevObjectVersion:   Dev-Anim (AF43A65D-7FD3-4947-9873-3E8ED9C1BB05): 15
LogDevObjectVersion:   Dev-ReflectionCapture (6B266CEC-1EC7-4B8F-A30B-E4D90942FC07): 1
LogDevObjectVersion:   Dev-Automation (0DF73D61-A23F-47EA-B727-89E90C41499A): 1
LogDevObjectVersion:   FortniteMain (601D1886-AC64-4F84-AA16-D3DE0DEAC7D6): 47
LogDevObjectVersion:   FortniteRelease (E7086368-6B23-4C58-8439-1B7016265E91): 1
LogDevObjectVersion:   Dev-Enterprise (9DFFBCD6-494F-0158-E221-12823C92A888): 10
LogDevObjectVersion:   Dev-Niagara (F2AED0AC-9AFE-416F-8664-AA7FFA26D6FC): 1
LogDevObjectVersion:   Dev-Destruction (174F1F0B-B4C6-45A5-B13F-2EE8D0FB917D): 10
LogDevObjectVersion:   Dev-Physics-Ext (35F94A83-E258-406C-A318-09F59610247C): 41
LogDevObjectVersion:   Dev-PhysicsMaterial-Chaos (B68FC16E-8B1B-42E2-B453-215C058844FE): 1
LogDevObjectVersion:   Dev-CineCamera (B2E18506-4273-CFC2-A54E-F4BB758BBA07): 1
LogDevObjectVersion:   Dev-VirtualProduction (64F58936-FD1B-42BA-BA96-7289D5D0FA4E): 1
LogDevObjectVersion:   Dev-MediaFramework (6F0ED827-A609-4895-9C91-998D90180EA4): 2
LogInit: Presizing for max 25165824 objects, including 0 objects not considered by GC, pre-allocating 0 bytes for permanent pool.
LogConfig: Applying CVar settings from Section [/Script/Engine.StreamingSettings] File [C:/Users/mathe/Documents/Unreal Projects/SavonRancer2/Saved/Config/Windows/Engine.ini]
LogConfig: Setting CVar [[s.MinBulkDataSizeForAsyncLoading:131072]]
LogConfig: Setting CVar [[s.AsyncLoadingThreadEnabled:0]]
LogConfig: Setting CVar [[s.EventDrivenLoaderEnabled:1]]
LogConfig: Setting CVar [[s.WarnIfTimeLimitExceeded:0]]
LogConfig: Setting CVar [[s.TimeLimitExceededMultiplier:1.5]]
LogConfig: Setting CVar [[s.TimeLimitExceededMinTime:0.005]]
LogConfig: Setting CVar [[s.UseBackgroundLevelStreaming:1]]
LogConfig: Setting CVar [[s.PriorityAsyncLoadingExtraTime:15.0]]
LogConfig: Setting CVar [[s.LevelStreamingActorsUpdateTimeLimit:5.0]]
LogConfig: Setting CVar [[s.PriorityLevelStreamingActorsUpdateExtraTime:5.0]]
LogConfig: Setting CVar [[s.LevelStreamingComponentsRegistrationGranularity:10]]
LogConfig: Setting CVar [[s.UnregisterComponentsTimeLimit:1.0]]
LogConfig: Setting CVar [[s.LevelStreamingComponentsUnregistrationGranularity:5]]
LogConfig: Setting CVar [[s.FlushStreamingOnExit:1]]
LogInit: Object subsystem initialized
LogConfig: Setting CVar [[con.DebugEarlyDefault:1]]
LogConfig: Setting CVar [[r.setres:1280x720]]
[2025.05.22-15.22.19:433][  0]LogConfig: Setting CVar [[con.DebugEarlyDefault:1]]
[2025.05.22-15.22.19:433][  0]LogConfig: Setting CVar [[r.setres:1280x720]]
[2025.05.22-15.22.19:433][  0]LogConfig: Applying CVar settings from Section [/Script/Engine.RendererSettings] File [C:/Users/mathe/Documents/Unreal Projects/SavonRancer2/Saved/Config/Windows/Engine.ini]
[2025.05.22-15.22.19:433][  0]LogConfig: Setting CVar [[r.GPUCrashDebugging:0]]
[2025.05.22-15.22.19:433][  0]LogConfig: Setting CVar [[r.Mobile.DisableVertexFog:1]]
[2025.05.22-15.22.19:433][  0]LogConfig: Setting CVar [[r.Shadow.CSM.MaxMobileCascades:2]]
[2025.05.22-15.22.19:433][  0]LogConfig: Setting CVar [[r.MobileMSAA:1]]
[2025.05.22-15.22.19:434][  0]LogConfig: Setting CVar [[r.Mobile.AllowDitheredLODTransition:0]]
[2025.05.22-15.22.19:434][  0]LogConfig: Setting CVar [[r.Mobile.AllowSoftwareOcclusion:0]]
[2025.05.22-15.22.19:434][  0]LogConfig: Setting CVar [[r.Mobile.VirtualTextures:0]]
[2025.05.22-15.22.19:434][  0]LogConfig: Setting CVar [[r.DiscardUnusedQuality:0]]
[2025.05.22-15.22.19:434][  0]LogConfig: Setting CVar [[r.AllowOcclusionQueries:1]]
[2025.05.22-15.22.19:434][  0]LogConfig: Setting CVar [[r.MinScreenRadiusForLights:0.030000]]
[2025.05.22-15.22.19:434][  0]LogConfig: Setting CVar [[r.MinScreenRadiusForDepthPrepass:0.030000]]
[2025.05.22-15.22.19:434][  0]LogConfig: Setting CVar [[r.MinScreenRadiusForCSMDepth:0.010000]]
[2025.05.22-15.22.19:434][  0]LogConfig: Setting CVar [[r.PrecomputedVisibilityWarning:0]]
[2025.05.22-15.22.19:434][  0]LogConfig: Setting CVar [[r.TextureStreaming:1]]
[2025.05.22-15.22.19:434][  0]LogConfig: Setting CVar [[Compat.UseDXT5NormalMaps:0]]
[2025.05.22-15.22.19:434][  0]LogConfig: Setting CVar [[r.VirtualTextures:0]]
[2025.05.22-15.22.19:434][  0]LogConfig: Setting CVar [[r.VT.EnableAutoImport:1]]
[2025.05.22-15.22.19:434][  0]LogConfig: Setting CVar [[r.VirtualTexturedLightmaps:0]]
[2025.05.22-15.22.19:434][  0]LogConfig: Setting CVar [[r.VT.TileSize:128]]
[2025.05.22-15.22.19:434][  0]LogConfig: Setting CVar [[r.VT.TileBorderSize:4]]
[2025.05.22-15.22.19:434][  0]LogConfig: Setting CVar [[r.vt.FeedbackFactor:16]]
[2025.05.22-15.22.19:434][  0]LogConfig: Setting CVar [[r.VT.EnableCompressZlib:1]]
[2025.05.22-15.22.19:434][  0]LogConfig: Setting CVar [[r.VT.EnableCompressCrunch:0]]
[2025.05.22-15.22.19:435][  0]LogConfig: Setting CVar [[r.ClearCoatNormal:0]]
[2025.05.22-15.22.19:435][  0]LogConfig: Setting CVar [[r.ReflectionCaptureResolution:128]]
[2025.05.22-15.22.19:435][  0]LogConfig: Setting CVar [[r.Mobile.ReflectionCaptureCompression:0]]
[2025.05.22-15.22.19:435][  0]LogConfig: Setting CVar [[r.ReflectionEnvironmentLightmapMixBasedOnRoughness:1]]
[2025.05.22-15.22.19:435][  0]LogConfig: Setting CVar [[r.ForwardShading:0]]
[2025.05.22-15.22.19:435][  0]LogConfig: Setting CVar [[r.VertexFoggingForOpaque:1]]
[2025.05.22-15.22.19:435][  0]LogConfig: Setting CVar [[r.AllowStaticLighting:1]]
[2025.05.22-15.22.19:435][  0]LogConfig: Setting CVar [[r.NormalMapsForStaticLighting:0]]
[2025.05.22-15.22.19:435][  0]LogConfig: Setting CVar [[r.GenerateMeshDistanceFields:0]]
[2025.05.22-15.22.19:435][  0]LogConfig: Setting CVar [[r.DistanceFieldBuild.EightBit:0]]
[2025.05.22-15.22.19:435][  0]LogConfig: Setting CVar [[r.GenerateLandscapeGIData:0]]
[2025.05.22-15.22.19:435][  0]LogConfig: Setting CVar [[r.DistanceFieldBuild.Compress:0]]
[2025.05.22-15.22.19:435][  0]LogConfig: Setting CVar [[r.TessellationAdaptivePixelsPerTriangle:48.000000]]
[2025.05.22-15.22.19:435][  0]LogConfig: Setting CVar [[r.SeparateTranslucency:1]]
[2025.05.22-15.22.19:435][  0]LogConfig: Setting CVar [[r.TranslucentSortPolicy:0]]
[2025.05.22-15.22.19:435][  0]LogConfig: Setting CVar [[vr.VRS.HMDFixedFoveationLevel:0]]
[2025.05.22-15.22.19:435][  0]LogConfig: Setting CVar [[r.CustomDepth:1]]
[2025.05.22-15.22.19:435][  0]LogConfig: Setting CVar [[r.CustomDepthTemporalAAJitter:1]]
[2025.05.22-15.22.19:435][  0]LogConfig: Setting CVar [[r.PostProcessing.PropagateAlpha:0]]
[2025.05.22-15.22.19:436][  0]LogConfig: Setting CVar [[r.DefaultFeature.Bloom:1]]
[2025.05.22-15.22.19:436][  0]LogConfig: Setting CVar [[r.DefaultFeature.AmbientOcclusion:1]]
[2025.05.22-15.22.19:436][  0]LogConfig: Setting CVar [[r.DefaultFeature.AmbientOcclusionStaticFraction:1]]
[2025.05.22-15.22.19:436][  0]LogConfig: Setting CVar [[r.DefaultFeature.AutoExposure:0]]
[2025.05.22-15.22.19:436][  0]LogConfig: Setting CVar [[r.DefaultFeature.AutoExposure.Method:0]]
[2025.05.22-15.22.19:436][  0]LogConfig: Setting CVar [[r.DefaultFeature.AutoExposure.Bias:1.000000]]
[2025.05.22-15.22.19:436][  0]LogConfig: Setting CVar [[r.DefaultFeature.AutoExposure.ExtendDefaultLuminanceRange:0]]
[2025.05.22-15.22.19:436][  0]LogConfig: Setting CVar [[r.UsePreExposure:1]]
[2025.05.22-15.22.19:436][  0]LogConfig: Setting CVar [[r.EyeAdaptation.EditorOnly:0]]
[2025.05.22-15.22.19:436][  0]LogConfig: Setting CVar [[r.DefaultFeature.MotionBlur:0]]
[2025.05.22-15.22.19:436][  0]LogConfig: Setting CVar [[r.DefaultFeature.LensFlare:0]]
[2025.05.22-15.22.19:436][  0]LogConfig: Setting CVar [[r.TemporalAA.Upsampling:0]]
[2025.05.22-15.22.19:436][  0]LogConfig: Setting CVar [[r.SSGI.Enable:0]]
[2025.05.22-15.22.19:436][  0]LogConfig: Setting CVar [[r.DefaultFeature.AntiAliasing:0]]
[2025.05.22-15.22.19:436][  0]LogConfig: Setting CVar [[r.DefaultFeature.LightUnits:1]]
[2025.05.22-15.22.19:436][  0]LogConfig: Setting CVar [[r.DefaultBackBufferPixelFormat:4]]
[2025.05.22-15.22.19:436][  0]LogConfig: Setting CVar [[r.Shadow.UnbuiltPreviewInGame:1]]
[2025.05.22-15.22.19:436][  0]LogConfig: Setting CVar [[r.StencilForLODDither:0]]
[2025.05.22-15.22.19:436][  0]LogConfig: Setting CVar [[r.EarlyZPass:3]]
[2025.05.22-15.22.19:437][  0]LogConfig: Setting CVar [[r.EarlyZPassOnlyMaterialMasking:0]]
[2025.05.22-15.22.19:437][  0]LogConfig: Setting CVar [[r.DBuffer:1]]
[2025.05.22-15.22.19:437][  0]LogConfig: Setting CVar [[r.ClearSceneMethod:1]]
[2025.05.22-15.22.19:437][  0]LogConfig: Setting CVar [[r.BasePassOutputsVelocity:0]]
[2025.05.22-15.22.19:437][  0]LogConfig: Setting CVar [[r.VertexDeformationOutputsVelocity:0]]
[2025.05.22-15.22.19:437][  0]LogConfig: Setting CVar [[r.SelectiveBasePassOutputs:0]]
[2025.05.22-15.22.19:437][  0]LogConfig: Setting CVar [[fx.GPUSimulationTextureSizeX:1024]]
[2025.05.22-15.22.19:437][  0]LogConfig: Setting CVar [[fx.GPUSimulationTextureSizeY:1024]]
[2025.05.22-15.22.19:437][  0]LogConfig: Setting CVar [[r.AllowGlobalClipPlane:0]]
[2025.05.22-15.22.19:437][  0]LogConfig: Setting CVar [[r.GBufferFormat:1]]
[2025.05.22-15.22.19:437][  0]LogConfig: Setting CVar [[r.MorphTarget.Mode:1]]
[2025.05.22-15.22.19:437][  0]LogConfig: Setting CVar [[vr.InstancedStereo:0]]
[2025.05.22-15.22.19:437][  0]LogConfig: Setting CVar [[r.MobileHDR:1]]
[2025.05.22-15.22.19:437][  0]LogConfig: Setting CVar [[vr.MobileMultiView:0]]
[2025.05.22-15.22.19:437][  0]LogConfig: Setting CVar [[r.Mobile.UseHWsRGBEncoding:0]]
[2025.05.22-15.22.19:437][  0]LogConfig: Setting CVar [[vr.RoundRobinOcclusion:0]]
[2025.05.22-15.22.19:437][  0]LogConfig: Setting CVar [[vr.ODSCapture:0]]
[2025.05.22-15.22.19:437][  0]LogConfig: Setting CVar [[r.MeshStreaming:0]]
[2025.05.22-15.22.19:437][  0]LogConfig: Setting CVar [[r.WireframeCullThreshold:5.000000]]
[2025.05.22-15.22.19:437][  0]LogConfig: Setting CVar [[r.RayTracing:0]]
[2025.05.22-15.22.19:437][  0]LogConfig: Setting CVar [[r.RayTracing.UseTextureLod:0]]
[2025.05.22-15.22.19:438][  0]LogConfig: Setting CVar [[r.SupportStationarySkylight:1]]
[2025.05.22-15.22.19:438][  0]LogConfig: Setting CVar [[r.SupportLowQualityLightmaps:1]]
[2025.05.22-15.22.19:438][  0]LogConfig: Setting CVar [[r.SupportPointLightWholeSceneShadows:1]]
[2025.05.22-15.22.19:438][  0]LogConfig: Setting CVar [[r.SupportAtmosphericFog:1]]
[2025.05.22-15.22.19:438][  0]LogConfig: Setting CVar [[r.SupportSkyAtmosphere:1]]
[2025.05.22-15.22.19:438][  0]LogConfig: Setting CVar [[r.SupportSkyAtmosphereAffectsHeightFog:0]]
[2025.05.22-15.22.19:438][  0]LogConfig: Setting CVar [[r.SkinCache.CompileShaders:0]]
[2025.05.22-15.22.19:438][  0]LogConfig: Setting CVar [[r.SkinCache.DefaultBehavior:1]]
[2025.05.22-15.22.19:438][  0]LogConfig: Setting CVar [[r.SkinCache.SceneMemoryLimitInMB:128.000000]]
[2025.05.22-15.22.19:438][  0]LogConfig: Setting CVar [[r.Mobile.EnableStaticAndCSMShadowReceivers:1]]
[2025.05.22-15.22.19:438][  0]LogConfig: Setting CVar [[r.Mobile.EnableMovableLightCSMShaderCulling:1]]
[2025.05.22-15.22.19:438][  0]LogConfig: Setting CVar [[r.Mobile.AllowDistanceFieldShadows:1]]
[2025.05.22-15.22.19:438][  0]LogConfig: Setting CVar [[r.Mobile.AllowMovableDirectionalLights:1]]
[2025.05.22-15.22.19:438][  0]LogConfig: Setting CVar [[r.MobileNumDynamicPointLights:4]]
[2025.05.22-15.22.19:438][  0]LogConfig: Setting CVar [[r.MobileDynamicPointLightsUseStaticBranch:1]]
[2025.05.22-15.22.19:438][  0]LogConfig: Setting CVar [[r.Mobile.EnableMovableSpotlights:0]]
[2025.05.22-15.22.19:438][  0]LogConfig: Setting CVar [[r.Mobile.EnableMovableSpotlightsShadow:0]]
[2025.05.22-15.22.19:438][  0]LogConfig: Setting CVar [[r.GPUSkin.Support16BitBoneIndex:0]]
[2025.05.22-15.22.19:438][  0]LogConfig: Setting CVar [[r.GPUSkin.Limit2BoneInfluences:0]]
[2025.05.22-15.22.19:438][  0]LogConfig: Setting CVar [[r.SupportDepthOnlyIndexBuffers:1]]
[2025.05.22-15.22.19:439][  0]LogConfig: Setting CVar [[r.SupportReversedIndexBuffers:1]]
[2025.05.22-15.22.19:439][  0]LogConfig: Setting CVar [[r.LightPropagationVolume:0]]
[2025.05.22-15.22.19:439][  0]LogConfig: Setting CVar [[r.Mobile.AmbientOcclusion:0]]
[2025.05.22-15.22.19:439][  0]LogConfig: Setting CVar [[r.GPUSkin.UnlimitedBoneInfluences:0]]
[2025.05.22-15.22.19:439][  0]LogConfig: Setting CVar [[r.GPUSkin.UnlimitedBoneInfluencesThreshold:8]]
[2025.05.22-15.22.19:439][  0]LogConfig: Setting CVar [[r.Mobile.PlanarReflectionMode:0]]
[2025.05.22-15.22.19:439][  0]LogConfig: Setting CVar [[r.Mobile.SupportsGen4TAA:0]]
[2025.05.22-15.22.19:439][  0]LogConfig: Applying CVar settings from Section [/Script/Engine.RendererOverrideSettings] File [C:/Users/mathe/Documents/Unreal Projects/SavonRancer2/Saved/Config/Windows/Engine.ini]
[2025.05.22-15.22.19:439][  0]LogConfig: Applying CVar settings from Section [/Script/Engine.StreamingSettings] File [C:/Users/mathe/Documents/Unreal Projects/SavonRancer2/Saved/Config/Windows/Engine.ini]
[2025.05.22-15.22.19:439][  0]LogConfig: Setting CVar [[s.MinBulkDataSizeForAsyncLoading:131072]]
[2025.05.22-15.22.19:439][  0]LogConfig: Setting CVar [[s.AsyncLoadingThreadEnabled:0]]
[2025.05.22-15.22.19:439][  0]LogConfig: Setting CVar [[s.EventDrivenLoaderEnabled:1]]
[2025.05.22-15.22.19:439][  0]LogConfig: Setting CVar [[s.WarnIfTimeLimitExceeded:0]]
[2025.05.22-15.22.19:439][  0]LogConfig: Setting CVar [[s.TimeLimitExceededMultiplier:1.5]]
[2025.05.22-15.22.19:439][  0]LogConfig: Setting CVar [[s.TimeLimitExceededMinTime:0.005]]
[2025.05.22-15.22.19:439][  0]LogConfig: Setting CVar [[s.UseBackgroundLevelStreaming:1]]
[2025.05.22-15.22.19:439][  0]LogConfig: Setting CVar [[s.PriorityAsyncLoadingExtraTime:15.0]]
[2025.05.22-15.22.19:439][  0]LogConfig: Setting CVar [[s.LevelStreamingActorsUpdateTimeLimit:5.0]]
[2025.05.22-15.22.19:439][  0]LogConfig: Setting CVar [[s.PriorityLevelStreamingActorsUpdateExtraTime:5.0]]
[2025.05.22-15.22.19:439][  0]LogConfig: Setting CVar [[s.LevelStreamingComponentsRegistrationGranularity:10]]
[2025.05.22-15.22.19:439][  0]LogConfig: Setting CVar [[s.UnregisterComponentsTimeLimit:1.0]]
[2025.05.22-15.22.19:439][  0]LogConfig: Setting CVar [[s.LevelStreamingComponentsUnregistrationGranularity:5]]
[2025.05.22-15.22.19:439][  0]LogConfig: Setting CVar [[s.FlushStreamingOnExit:1]]
[2025.05.22-15.22.19:439][  0]LogConfig: Applying CVar settings from Section [/Script/Engine.GarbageCollectionSettings] File [C:/Users/mathe/Documents/Unreal Projects/SavonRancer2/Saved/Config/Windows/Engine.ini]
[2025.05.22-15.22.19:439][  0]LogConfig: Setting CVar [[gc.MaxObjectsNotConsideredByGC:1]]
[2025.05.22-15.22.19:439][  0]LogConfig: Setting CVar [[gc.SizeOfPermanentObjectPool:0]]
[2025.05.22-15.22.19:439][  0]LogConfig: Setting CVar [[gc.FlushStreamingOnGC:0]]
[2025.05.22-15.22.19:439][  0]LogConfig: Setting CVar [[gc.NumRetriesBeforeForcingGC:10]]
[2025.05.22-15.22.19:439][  0]LogConfig: Setting CVar [[gc.AllowParallelGC:1]]
[2025.05.22-15.22.19:439][  0]LogConfig: Setting CVar [[gc.TimeBetweenPurgingPendingKillObjects:61.1]]
[2025.05.22-15.22.19:439][  0]LogConfig: Setting CVar [[gc.MaxObjectsInEditor:25165824]]
[2025.05.22-15.22.19:439][  0]LogConfig: Setting CVar [[gc.IncrementalBeginDestroyEnabled:1]]
[2025.05.22-15.22.19:441][  0]LogConfig: Setting CVar [[gc.CreateGCClusters:1]]
[2025.05.22-15.22.19:441][  0]LogConfig: Setting CVar [[gc.MinGCClusterSize:5]]
[2025.05.22-15.22.19:441][  0]LogConfig: Setting CVar [[gc.ActorClusteringEnabled:0]]
[2025.05.22-15.22.19:441][  0]LogConfig: Setting CVar [[gc.BlueprintClusteringEnabled:0]]
[2025.05.22-15.22.19:441][  0]LogConfig: Setting CVar [[gc.UseDisregardForGCOnDedicatedServers:0]]
[2025.05.22-15.22.19:441][  0]LogConfig: Setting CVar [[gc.MultithreadedDestructionEnabled:1]]
[2025.05.22-15.22.19:441][  0]LogConfig: Applying CVar settings from Section [/Script/Engine.NetworkSettings] File [C:/Users/mathe/Documents/Unreal Projects/SavonRancer2/Saved/Config/Windows/Engine.ini]
[2025.05.22-15.22.19:441][  0]LogConfig: Applying CVar settings from Section [/Script/UnrealEd.CookerSettings] File [C:/Users/mathe/Documents/Unreal Projects/SavonRancer2/Saved/Config/Windows/Engine.ini]
[2025.05.22-15.22.19:467][  0]LogConfig: Applying CVar settings from Section [ViewDistanceQuality@3] File [C:/Users/mathe/Documents/Unreal Projects/SavonRancer2/Saved/Config/Windows/Scalability.ini]
[2025.05.22-15.22.19:467][  0]LogConfig: Setting CVar [[r.SkeletalMeshLODBias:0]]
[2025.05.22-15.22.19:467][  0]LogConfig: Setting CVar [[r.ViewDistanceScale:1.0]]
[2025.05.22-15.22.19:467][  0]LogConfig: Applying CVar settings from Section [AntiAliasingQuality@3] File [C:/Users/mathe/Documents/Unreal Projects/SavonRancer2/Saved/Config/Windows/Scalability.ini]
[2025.05.22-15.22.19:467][  0]LogConfig: Setting CVar [[r.PostProcessAAQuality:4]]
[2025.05.22-15.22.19:468][  0]LogConfig: Applying CVar settings from Section [ShadowQuality@3] File [C:/Users/mathe/Documents/Unreal Projects/SavonRancer2/Saved/Config/Windows/Scalability.ini]
[2025.05.22-15.22.19:468][  0]LogConfig: Setting CVar [[r.LightFunctionQuality:1]]
[2025.05.22-15.22.19:468][  0]LogConfig: Setting CVar [[r.ShadowQuality:5]]
[2025.05.22-15.22.19:468][  0]LogConfig: Setting CVar [[r.Shadow.CSM.MaxCascades:10]]
[2025.05.22-15.22.19:468][  0]LogConfig: Setting CVar [[r.Shadow.MaxResolution:2048]]
[2025.05.22-15.22.19:468][  0]LogConfig: Setting CVar [[r.Shadow.MaxCSMResolution:2048]]
[2025.05.22-15.22.19:468][  0]LogConfig: Setting CVar [[r.Shadow.RadiusThreshold:0.01]]
[2025.05.22-15.22.19:468][  0]LogConfig: Setting CVar [[r.Shadow.DistanceScale:1.0]]
[2025.05.22-15.22.19:468][  0]LogConfig: Setting CVar [[r.Shadow.CSM.TransitionScale:1.0]]
[2025.05.22-15.22.19:468][  0]LogConfig: Setting CVar [[r.Shadow.PreShadowResolutionFactor:1.0]]
[2025.05.22-15.22.19:468][  0]LogConfig: Setting CVar [[r.DistanceFieldShadowing:1]]
[2025.05.22-15.22.19:468][  0]LogConfig: Setting CVar [[r.DistanceFieldAO:1]]
[2025.05.22-15.22.19:468][  0]LogConfig: Setting CVar [[r.AOQuality:2]]
[2025.05.22-15.22.19:468][  0]LogConfig: Setting CVar [[r.VolumetricFog:1]]
[2025.05.22-15.22.19:468][  0]LogConfig: Setting CVar [[r.VolumetricFog.GridPixelSize:8]]
[2025.05.22-15.22.19:468][  0]LogConfig: Setting CVar [[r.VolumetricFog.GridSizeZ:128]]
[2025.05.22-15.22.19:468][  0]LogConfig: Setting CVar [[r.VolumetricFog.HistoryMissSupersampleCount:4]]
[2025.05.22-15.22.19:469][  0]LogConfig: Setting CVar [[r.LightMaxDrawDistanceScale:1]]
[2025.05.22-15.22.19:469][  0]LogConfig: Setting CVar [[r.CapsuleShadows:1]]
[2025.05.22-15.22.19:469][  0]LogConfig: Applying CVar settings from Section [PostProcessQuality@3] File [C:/Users/mathe/Documents/Unreal Projects/SavonRancer2/Saved/Config/Windows/Scalability.ini]
[2025.05.22-15.22.19:469][  0]LogConfig: Setting CVar [[r.MotionBlurQuality:4]]
[2025.05.22-15.22.19:469][  0]LogConfig: Setting CVar [[r.AmbientOcclusionMipLevelFactor:0.4]]
[2025.05.22-15.22.19:469][  0]LogConfig: Setting CVar [[r.AmbientOcclusionMaxQuality:100]]
[2025.05.22-15.22.19:469][  0]LogConfig: Setting CVar [[r.AmbientOcclusionLevels:-1]]
[2025.05.22-15.22.19:469][  0]LogConfig: Setting CVar [[r.AmbientOcclusionRadiusScale:1.0]]
[2025.05.22-15.22.19:469][  0]LogConfig: Setting CVar [[r.DepthOfFieldQuality:2]]
[2025.05.22-15.22.19:469][  0]LogConfig: Setting CVar [[r.RenderTargetPoolMin:400]]
[2025.05.22-15.22.19:469][  0]LogConfig: Setting CVar [[r.LensFlareQuality:2]]
[2025.05.22-15.22.19:469][  0]LogConfig: Setting CVar [[r.SceneColorFringeQuality:1]]
[2025.05.22-15.22.19:469][  0]LogConfig: Setting CVar [[r.EyeAdaptationQuality:2]]
[2025.05.22-15.22.19:469][  0]LogConfig: Setting CVar [[r.BloomQuality:5]]
[2025.05.22-15.22.19:469][  0]LogConfig: Setting CVar [[r.FastBlurThreshold:100]]
[2025.05.22-15.22.19:469][  0]LogConfig: Setting CVar [[r.Upscale.Quality:3]]
[2025.05.22-15.22.19:469][  0]LogConfig: Setting CVar [[r.Tonemapper.GrainQuantization:1]]
[2025.05.22-15.22.19:469][  0]LogConfig: Setting CVar [[r.LightShaftQuality:1]]
[2025.05.22-15.22.19:469][  0]LogConfig: Setting CVar [[r.Filter.SizeScale:1]]
[2025.05.22-15.22.19:469][  0]LogConfig: Setting CVar [[r.Tonemapper.Quality:5]]
[2025.05.22-15.22.19:470][  0]LogConfig: Setting CVar [[r.DOF.Gather.AccumulatorQuality:1        ; higher gathering accumulator quality]]
[2025.05.22-15.22.19:470][  0]LogConfig: Setting CVar [[r.DOF.Gather.PostfilterMethod:1          ; Median3x3 postfilering method]]
[2025.05.22-15.22.19:470][  0]LogConfig: Setting CVar [[r.DOF.Gather.EnableBokehSettings:0       ; no bokeh simulation when gathering]]
[2025.05.22-15.22.19:470][  0]LogConfig: Setting CVar [[r.DOF.Gather.RingCount:4                 ; medium number of samples when gathering]]
[2025.05.22-15.22.19:470][  0]LogConfig: Setting CVar [[r.DOF.Scatter.ForegroundCompositing:1    ; additive foreground scattering]]
[2025.05.22-15.22.19:470][  0]LogConfig: Setting CVar [[r.DOF.Scatter.BackgroundCompositing:2    ; additive background scattering]]
[2025.05.22-15.22.19:470][  0]LogConfig: Setting CVar [[r.DOF.Scatter.EnableBokehSettings:1      ; bokeh simulation when scattering]]
[2025.05.22-15.22.19:470][  0]LogConfig: Setting CVar [[r.DOF.Scatter.MaxSpriteRatio:0.1         ; only a maximum of 10% of scattered bokeh]]
[2025.05.22-15.22.19:470][  0]LogConfig: Setting CVar [[r.DOF.Recombine.Quality:1                ; cheap slight out of focus]]
[2025.05.22-15.22.19:470][  0]LogConfig: Setting CVar [[r.DOF.Recombine.EnableBokehSettings:0    ; no bokeh simulation on slight out of focus]]
[2025.05.22-15.22.19:470][  0]LogConfig: Setting CVar [[r.DOF.TemporalAAQuality:1                ; more stable temporal accumulation]]
[2025.05.22-15.22.19:470][  0]LogConfig: Setting CVar [[r.DOF.Kernel.MaxForegroundRadius:0.025]]
[2025.05.22-15.22.19:470][  0]LogConfig: Setting CVar [[r.DOF.Kernel.MaxBackgroundRadius:0.025]]
[2025.05.22-15.22.19:470][  0]LogConfig: Applying CVar settings from Section [TextureQuality@3] File [C:/Users/mathe/Documents/Unreal Projects/SavonRancer2/Saved/Config/Windows/Scalability.ini]
[2025.05.22-15.22.19:470][  0]LogConfig: Setting CVar [[r.Streaming.MipBias:0]]
[2025.05.22-15.22.19:470][  0]LogConfig: Setting CVar [[r.Streaming.AmortizeCPUToGPUCopy:0]]
[2025.05.22-15.22.19:470][  0]LogConfig: Setting CVar [[r.Streaming.MaxNumTexturesToStreamPerFrame:0]]
[2025.05.22-15.22.19:471][  0]LogConfig: Setting CVar [[r.Streaming.Boost:1]]
[2025.05.22-15.22.19:471][  0]LogConfig: Setting CVar [[r.MaxAnisotropy:8]]
[2025.05.22-15.22.19:471][  0]LogConfig: Setting CVar [[r.VT.MaxAnisotropy:8]]
[2025.05.22-15.22.19:471][  0]LogConfig: Setting CVar [[r.Streaming.LimitPoolSizeToVRAM:0]]
[2025.05.22-15.22.19:471][  0]LogConfig: Setting CVar [[r.Streaming.PoolSize:1000]]
[2025.05.22-15.22.19:471][  0]LogConfig: Setting CVar [[r.Streaming.MaxEffectiveScreenSize:0]]
[2025.05.22-15.22.19:471][  0]LogConfig: Applying CVar settings from Section [EffectsQuality@3] File [C:/Users/mathe/Documents/Unreal Projects/SavonRancer2/Saved/Config/Windows/Scalability.ini]
[2025.05.22-15.22.19:471][  0]LogConfig: Setting CVar [[r.TranslucencyLightingVolumeDim:64]]
[2025.05.22-15.22.19:471][  0]LogConfig: Setting CVar [[r.RefractionQuality:2]]
[2025.05.22-15.22.19:471][  0]LogConfig: Setting CVar [[r.SSR.Quality:3]]
[2025.05.22-15.22.19:471][  0]LogConfig: Setting CVar [[r.SSR.HalfResSceneColor:0]]
[2025.05.22-15.22.19:471][  0]LogConfig: Setting CVar [[r.SceneColorFormat:4]]
[2025.05.22-15.22.19:471][  0]LogConfig: Setting CVar [[r.DetailMode:2]]
[2025.05.22-15.22.19:471][  0]LogConfig: Setting CVar [[r.TranslucencyVolumeBlur:1]]
[2025.05.22-15.22.19:471][  0]LogConfig: Setting CVar [[r.MaterialQualityLevel:1 ; High quality]]
[2025.05.22-15.22.19:471][  0]LogConfig: Setting CVar [[r.AnisotropicMaterials:1]]
[2025.05.22-15.22.19:471][  0]LogConfig: Setting CVar [[r.SSS.Scale:1]]
[2025.05.22-15.22.19:471][  0]LogConfig: Setting CVar [[r.SSS.SampleSet:2]]
[2025.05.22-15.22.19:471][  0]LogConfig: Setting CVar [[r.SSS.Quality:1]]
[2025.05.22-15.22.19:471][  0]LogConfig: Setting CVar [[r.SSS.HalfRes:0]]
[2025.05.22-15.22.19:471][  0]LogConfig: Setting CVar [[r.SSGI.Quality:3]]
[2025.05.22-15.22.19:471][  0]LogConfig: Setting CVar [[r.EmitterSpawnRateScale:1.0]]
[2025.05.22-15.22.19:471][  0]LogConfig: Setting CVar [[r.ParticleLightQuality:2]]
[2025.05.22-15.22.19:471][  0]LogConfig: Setting CVar [[r.SkyAtmosphere.AerialPerspectiveLUT.FastApplyOnOpaque:1 ; Always have FastSkyLUT 1 in this case to avoid wrong sky]]
[2025.05.22-15.22.19:471][  0]LogConfig: Setting CVar [[r.SkyAtmosphere.AerialPerspectiveLUT.SampleCountMaxPerSlice:4]]
[2025.05.22-15.22.19:471][  0]LogConfig: Setting CVar [[r.SkyAtmosphere.AerialPerspectiveLUT.DepthResolution:16.0]]
[2025.05.22-15.22.19:471][  0]LogConfig: Setting CVar [[r.SkyAtmosphere.FastSkyLUT:1]]
[2025.05.22-15.22.19:471][  0]LogConfig: Setting CVar [[r.SkyAtmosphere.FastSkyLUT.SampleCountMin:4.0]]
[2025.05.22-15.22.19:471][  0]LogConfig: Setting CVar [[r.SkyAtmosphere.FastSkyLUT.SampleCountMax:128.0]]
[2025.05.22-15.22.19:471][  0]LogConfig: Setting CVar [[r.SkyAtmosphere.SampleCountMin:4.0]]
[2025.05.22-15.22.19:471][  0]LogConfig: Setting CVar [[r.SkyAtmosphere.SampleCountMax:128.0]]
[2025.05.22-15.22.19:471][  0]LogConfig: Setting CVar [[r.SkyAtmosphere.TransmittanceLUT.UseSmallFormat:0]]
[2025.05.22-15.22.19:473][  0]LogConfig: Setting CVar [[r.SkyAtmosphere.TransmittanceLUT.SampleCount:10.0]]
[2025.05.22-15.22.19:473][  0]LogConfig: Setting CVar [[r.SkyAtmosphere.MultiScatteringLUT.SampleCount:15.0]]
[2025.05.22-15.22.19:473][  0]LogConfig: Setting CVar [[r.SkyLight.RealTimeReflectionCapture:1]]
[2025.05.22-15.22.19:473][  0]LogConfig: Applying CVar settings from Section [FoliageQuality@3] File [C:/Users/mathe/Documents/Unreal Projects/SavonRancer2/Saved/Config/Windows/Scalability.ini]
[2025.05.22-15.22.19:473][  0]LogConfig: Setting CVar [[foliage.DensityScale:1.0]]
[2025.05.22-15.22.19:473][  0]LogConfig: Setting CVar [[grass.DensityScale:1.0]]
[2025.05.22-15.22.19:473][  0]LogConfig: Applying CVar settings from Section [ShadingQuality@3] File [C:/Users/mathe/Documents/Unreal Projects/SavonRancer2/Saved/Config/Windows/Scalability.ini]
[2025.05.22-15.22.19:473][  0]LogConfig: Setting CVar [[r.HairStrands.SkyLighting.IntegrationType:2]]
[2025.05.22-15.22.19:473][  0]LogConfig: Setting CVar [[r.HairStrands.SkyAO.SampleCount:4]]
[2025.05.22-15.22.19:473][  0]LogConfig: Setting CVar [[r.HairStrands.Visibility.MSAA.SamplePerPixel:4]]
[2025.05.22-15.22.19:473][  0]LogInit: Selected Device Profile: [Windows]
[2025.05.22-15.22.19:474][  0]LogInit: Applying CVar settings loaded from the selected device profile: [Windows]
[2025.05.22-15.22.19:474][  0]LogHAL: Display: Platform has ~ 8 GB [7904579584 / 8589934592 / 8], which maps to Default [LargestMinGB=32, LargerMinGB=12, DefaultMinGB=8, SmallerMinGB=6, SmallestMinGB=0)
[2025.05.22-15.22.19:474][  0]LogInit: Going up to parent DeviceProfile []
[2025.05.22-15.22.19:474][  0]LogConfig: Applying CVar settings from Section [ViewDistanceQuality@3] File [C:/Users/mathe/Documents/Unreal Projects/SavonRancer2/Saved/Config/Windows/Scalability.ini]
[2025.05.22-15.22.19:474][  0]LogConfig: Setting CVar [[r.SkeletalMeshLODBias:0]]
[2025.05.22-15.22.19:474][  0]LogConfig: Setting CVar [[r.ViewDistanceScale:1.0]]
[2025.05.22-15.22.19:474][  0]LogConfig: Applying CVar settings from Section [AntiAliasingQuality@3] File [C:/Users/mathe/Documents/Unreal Projects/SavonRancer2/Saved/Config/Windows/Scalability.ini]
[2025.05.22-15.22.19:474][  0]LogConfig: Setting CVar [[r.PostProcessAAQuality:4]]
[2025.05.22-15.22.19:474][  0]LogConfig: Applying CVar settings from Section [ShadowQuality@3] File [C:/Users/mathe/Documents/Unreal Projects/SavonRancer2/Saved/Config/Windows/Scalability.ini]
[2025.05.22-15.22.19:474][  0]LogConfig: Setting CVar [[r.LightFunctionQuality:1]]
[2025.05.22-15.22.19:474][  0]LogConfig: Setting CVar [[r.ShadowQuality:5]]
[2025.05.22-15.22.19:474][  0]LogConfig: Setting CVar [[r.Shadow.CSM.MaxCascades:10]]
[2025.05.22-15.22.19:474][  0]LogConfig: Setting CVar [[r.Shadow.MaxResolution:2048]]
[2025.05.22-15.22.19:474][  0]LogConfig: Setting CVar [[r.Shadow.MaxCSMResolution:2048]]
[2025.05.22-15.22.19:474][  0]LogConfig: Setting CVar [[r.Shadow.RadiusThreshold:0.01]]
[2025.05.22-15.22.19:474][  0]LogConfig: Setting CVar [[r.Shadow.DistanceScale:1.0]]
[2025.05.22-15.22.19:475][  0]LogConfig: Setting CVar [[r.Shadow.CSM.TransitionScale:1.0]]
[2025.05.22-15.22.19:475][  0]LogConfig: Setting CVar [[r.Shadow.PreShadowResolutionFactor:1.0]]
[2025.05.22-15.22.19:475][  0]LogConfig: Setting CVar [[r.DistanceFieldShadowing:1]]
[2025.05.22-15.22.19:475][  0]LogConfig: Setting CVar [[r.DistanceFieldAO:1]]
[2025.05.22-15.22.19:475][  0]LogConfig: Setting CVar [[r.AOQuality:2]]
[2025.05.22-15.22.19:475][  0]LogConfig: Setting CVar [[r.VolumetricFog:1]]
[2025.05.22-15.22.19:475][  0]LogConfig: Setting CVar [[r.VolumetricFog.GridPixelSize:8]]
[2025.05.22-15.22.19:475][  0]LogConfig: Setting CVar [[r.VolumetricFog.GridSizeZ:128]]
[2025.05.22-15.22.19:475][  0]LogConfig: Setting CVar [[r.VolumetricFog.HistoryMissSupersampleCount:4]]
[2025.05.22-15.22.19:475][  0]LogConfig: Setting CVar [[r.LightMaxDrawDistanceScale:1]]
[2025.05.22-15.22.19:475][  0]LogConfig: Setting CVar [[r.CapsuleShadows:1]]
[2025.05.22-15.22.19:475][  0]LogConfig: Applying CVar settings from Section [PostProcessQuality@3] File [C:/Users/mathe/Documents/Unreal Projects/SavonRancer2/Saved/Config/Windows/Scalability.ini]
[2025.05.22-15.22.19:475][  0]LogConfig: Setting CVar [[r.MotionBlurQuality:4]]
[2025.05.22-15.22.19:475][  0]LogConfig: Setting CVar [[r.AmbientOcclusionMipLevelFactor:0.4]]
[2025.05.22-15.22.19:475][  0]LogConfig: Setting CVar [[r.AmbientOcclusionMaxQuality:100]]
[2025.05.22-15.22.19:475][  0]LogConfig: Setting CVar [[r.AmbientOcclusionLevels:-1]]
[2025.05.22-15.22.19:475][  0]LogConfig: Setting CVar [[r.AmbientOcclusionRadiusScale:1.0]]
[2025.05.22-15.22.19:475][  0]LogConfig: Setting CVar [[r.DepthOfFieldQuality:2]]
[2025.05.22-15.22.19:475][  0]LogConfig: Setting CVar [[r.RenderTargetPoolMin:400]]
[2025.05.22-15.22.19:475][  0]LogConfig: Setting CVar [[r.LensFlareQuality:2]]
[2025.05.22-15.22.19:475][  0]LogConfig: Setting CVar [[r.SceneColorFringeQuality:1]]
[2025.05.22-15.22.19:476][  0]LogConfig: Setting CVar [[r.EyeAdaptationQuality:2]]
[2025.05.22-15.22.19:476][  0]LogConfig: Setting CVar [[r.BloomQuality:5]]
[2025.05.22-15.22.19:476][  0]LogConfig: Setting CVar [[r.FastBlurThreshold:100]]
[2025.05.22-15.22.19:476][  0]LogConfig: Setting CVar [[r.Upscale.Quality:3]]
[2025.05.22-15.22.19:476][  0]LogConfig: Setting CVar [[r.Tonemapper.GrainQuantization:1]]
[2025.05.22-15.22.19:476][  0]LogConfig: Setting CVar [[r.LightShaftQuality:1]]
[2025.05.22-15.22.19:476][  0]LogConfig: Setting CVar [[r.Filter.SizeScale:1]]
[2025.05.22-15.22.19:476][  0]LogConfig: Setting CVar [[r.Tonemapper.Quality:5]]
[2025.05.22-15.22.19:476][  0]LogConfig: Setting CVar [[r.DOF.Gather.AccumulatorQuality:1        ; higher gathering accumulator quality]]
[2025.05.22-15.22.19:476][  0]LogConfig: Setting CVar [[r.DOF.Gather.PostfilterMethod:1          ; Median3x3 postfilering method]]
[2025.05.22-15.22.19:476][  0]LogConfig: Setting CVar [[r.DOF.Gather.EnableBokehSettings:0       ; no bokeh simulation when gathering]]
[2025.05.22-15.22.19:476][  0]LogConfig: Setting CVar [[r.DOF.Gather.RingCount:4                 ; medium number of samples when gathering]]
[2025.05.22-15.22.19:476][  0]LogConfig: Setting CVar [[r.DOF.Scatter.ForegroundCompositing:1    ; additive foreground scattering]]
[2025.05.22-15.22.19:476][  0]LogConfig: Setting CVar [[r.DOF.Scatter.BackgroundCompositing:2    ; additive background scattering]]
[2025.05.22-15.22.19:476][  0]LogConfig: Setting CVar [[r.DOF.Scatter.EnableBokehSettings:1      ; bokeh simulation when scattering]]
[2025.05.22-15.22.19:476][  0]LogConfig: Setting CVar [[r.DOF.Scatter.MaxSpriteRatio:0.1         ; only a maximum of 10% of scattered bokeh]]
[2025.05.22-15.22.19:476][  0]LogConfig: Setting CVar [[r.DOF.Recombine.Quality:1                ; cheap slight out of focus]]
[2025.05.22-15.22.19:476][  0]LogConfig: Setting CVar [[r.DOF.Recombine.EnableBokehSettings:0    ; no bokeh simulation on slight out of focus]]
[2025.05.22-15.22.19:476][  0]LogConfig: Setting CVar [[r.DOF.TemporalAAQuality:1                ; more stable temporal accumulation]]
[2025.05.22-15.22.19:476][  0]LogConfig: Setting CVar [[r.DOF.Kernel.MaxForegroundRadius:0.025]]
[2025.05.22-15.22.19:476][  0]LogConfig: Setting CVar [[r.DOF.Kernel.MaxBackgroundRadius:0.025]]
[2025.05.22-15.22.19:477][  0]LogConfig: Applying CVar settings from Section [TextureQuality@3] File [C:/Users/mathe/Documents/Unreal Projects/SavonRancer2/Saved/Config/Windows/Scalability.ini]
[2025.05.22-15.22.19:477][  0]LogConfig: Setting CVar [[r.Streaming.MipBias:0]]
[2025.05.22-15.22.19:477][  0]LogConfig: Setting CVar [[r.Streaming.AmortizeCPUToGPUCopy:0]]
[2025.05.22-15.22.19:477][  0]LogConfig: Setting CVar [[r.Streaming.MaxNumTexturesToStreamPerFrame:0]]
[2025.05.22-15.22.19:477][  0]LogConfig: Setting CVar [[r.Streaming.Boost:1]]
[2025.05.22-15.22.19:477][  0]LogConfig: Setting CVar [[r.MaxAnisotropy:8]]
[2025.05.22-15.22.19:477][  0]LogConfig: Setting CVar [[r.VT.MaxAnisotropy:8]]
[2025.05.22-15.22.19:477][  0]LogConfig: Setting CVar [[r.Streaming.LimitPoolSizeToVRAM:0]]
[2025.05.22-15.22.19:477][  0]LogConfig: Setting CVar [[r.Streaming.PoolSize:1000]]
[2025.05.22-15.22.19:477][  0]LogConfig: Setting CVar [[r.Streaming.MaxEffectiveScreenSize:0]]
[2025.05.22-15.22.19:477][  0]LogConfig: Applying CVar settings from Section [EffectsQuality@3] File [C:/Users/mathe/Documents/Unreal Projects/SavonRancer2/Saved/Config/Windows/Scalability.ini]
[2025.05.22-15.22.19:477][  0]LogConfig: Setting CVar [[r.TranslucencyLightingVolumeDim:64]]
[2025.05.22-15.22.19:477][  0]LogConfig: Setting CVar [[r.RefractionQuality:2]]
[2025.05.22-15.22.19:477][  0]LogConfig: Setting CVar [[r.SSR.Quality:3]]
[2025.05.22-15.22.19:477][  0]LogConfig: Setting CVar [[r.SSR.HalfResSceneColor:0]]
[2025.05.22-15.22.19:477][  0]LogConfig: Setting CVar [[r.SceneColorFormat:4]]
[2025.05.22-15.22.19:477][  0]LogConfig: Setting CVar [[r.DetailMode:2]]
[2025.05.22-15.22.19:477][  0]LogConfig: Setting CVar [[r.TranslucencyVolumeBlur:1]]
[2025.05.22-15.22.19:477][  0]LogConfig: Setting CVar [[r.MaterialQualityLevel:1 ; High quality]]
[2025.05.22-15.22.19:477][  0]LogConfig: Setting CVar [[r.AnisotropicMaterials:1]]
[2025.05.22-15.22.19:477][  0]LogConfig: Setting CVar [[r.SSS.Scale:1]]
[2025.05.22-15.22.19:478][  0]LogConfig: Setting CVar [[r.SSS.SampleSet:2]]
[2025.05.22-15.22.19:478][  0]LogConfig: Setting CVar [[r.SSS.Quality:1]]
[2025.05.22-15.22.19:478][  0]LogConfig: Setting CVar [[r.SSS.HalfRes:0]]
[2025.05.22-15.22.19:478][  0]LogConfig: Setting CVar [[r.SSGI.Quality:3]]
[2025.05.22-15.22.19:478][  0]LogConfig: Setting CVar [[r.EmitterSpawnRateScale:1.0]]
[2025.05.22-15.22.19:478][  0]LogConfig: Setting CVar [[r.ParticleLightQuality:2]]
[2025.05.22-15.22.19:478][  0]LogConfig: Setting CVar [[r.SkyAtmosphere.AerialPerspectiveLUT.FastApplyOnOpaque:1 ; Always have FastSkyLUT 1 in this case to avoid wrong sky]]
[2025.05.22-15.22.19:478][  0]LogConfig: Setting CVar [[r.SkyAtmosphere.AerialPerspectiveLUT.SampleCountMaxPerSlice:4]]
[2025.05.22-15.22.19:478][  0]LogConfig: Setting CVar [[r.SkyAtmosphere.AerialPerspectiveLUT.DepthResolution:16.0]]
[2025.05.22-15.22.19:478][  0]LogConfig: Setting CVar [[r.SkyAtmosphere.FastSkyLUT:1]]
[2025.05.22-15.22.19:478][  0]LogConfig: Setting CVar [[r.SkyAtmosphere.FastSkyLUT.SampleCountMin:4.0]]
[2025.05.22-15.22.19:478][  0]LogConfig: Setting CVar [[r.SkyAtmosphere.FastSkyLUT.SampleCountMax:128.0]]
[2025.05.22-15.22.19:478][  0]LogConfig: Setting CVar [[r.SkyAtmosphere.SampleCountMin:4.0]]
[2025.05.22-15.22.19:478][  0]LogConfig: Setting CVar [[r.SkyAtmosphere.SampleCountMax:128.0]]
[2025.05.22-15.22.19:478][  0]LogConfig: Setting CVar [[r.SkyAtmosphere.TransmittanceLUT.UseSmallFormat:0]]
[2025.05.22-15.22.19:478][  0]LogConfig: Setting CVar [[r.SkyAtmosphere.TransmittanceLUT.SampleCount:10.0]]
[2025.05.22-15.22.19:478][  0]LogConfig: Setting CVar [[r.SkyAtmosphere.MultiScatteringLUT.SampleCount:15.0]]
[2025.05.22-15.22.19:478][  0]LogConfig: Setting CVar [[r.SkyLight.RealTimeReflectionCapture:1]]
[2025.05.22-15.22.19:478][  0]LogConfig: Applying CVar settings from Section [FoliageQuality@3] File [C:/Users/mathe/Documents/Unreal Projects/SavonRancer2/Saved/Config/Windows/Scalability.ini]
[2025.05.22-15.22.19:478][  0]LogConfig: Setting CVar [[foliage.DensityScale:1.0]]
[2025.05.22-15.22.19:478][  0]LogConfig: Setting CVar [[grass.DensityScale:1.0]]
[2025.05.22-15.22.19:479][  0]LogConfig: Applying CVar settings from Section [ShadingQuality@3] File [C:/Users/mathe/Documents/Unreal Projects/SavonRancer2/Saved/Config/Windows/Scalability.ini]
[2025.05.22-15.22.19:479][  0]LogConfig: Setting CVar [[r.HairStrands.SkyLighting.IntegrationType:2]]
[2025.05.22-15.22.19:479][  0]LogConfig: Setting CVar [[r.HairStrands.SkyAO.SampleCount:4]]
[2025.05.22-15.22.19:479][  0]LogConfig: Setting CVar [[r.HairStrands.Visibility.MSAA.SamplePerPixel:4]]
[2025.05.22-15.22.19:479][  0]LogConfig: Applying CVar settings from Section [Startup] File [../../../Engine/Config/ConsoleVariables.ini]
[2025.05.22-15.22.19:481][  0]LogConfig: Setting CVar [[net.UseAdaptiveNetUpdateFrequency:0]]
[2025.05.22-15.22.19:481][  0]LogConfig: Setting CVar [[p.chaos.AllowCreatePhysxBodies:1]]
[2025.05.22-15.22.19:481][  0]LogConfig: Setting CVar [[fx.SkipVectorVMBackendOptimizations:1]]
[2025.05.22-15.22.19:481][  0]LogConfig: Applying CVar settings from Section [ConsoleVariables] File [C:/Users/mathe/Documents/Unreal Projects/SavonRancer2/Saved/Config/Windows/Engine.ini]
[2025.05.22-15.22.19:481][  0]LogConfig: Applying CVar settings from Section [ConsoleVariables] File [C:/Users/mathe/Documents/Unreal Projects/SavonRancer2/Saved/Config/Windows/Editor.ini]
[2025.05.22-15.22.19:482][  0]LogInit: Computer: DESKTOP-GUT3M20
[2025.05.22-15.22.19:482][  0]LogInit: User: mathe
[2025.05.22-15.22.19:482][  0]LogInit: CPU Page size=4096, Cores=6
[2025.05.22-15.22.19:482][  0]LogInit: High frequency timer resolution =10.000000 MHz
[2025.05.22-15.22.19:482][  0]LogMemory: Memory total: Physical=7.4GB (8GB approx)
[2025.05.22-15.22.19:482][  0]LogMemory: Platform Memory Stats for Windows
[2025.05.22-15.22.19:482][  0]LogMemory: Process Physical Memory: 144.74 MB used, 144.74 MB peak
[2025.05.22-15.22.19:482][  0]LogMemory: Process Virtual Memory: 126.29 MB used, 126.29 MB peak
[2025.05.22-15.22.19:482][  0]LogMemory: Physical Memory: 6361.91 MB used,  1176.48 MB free, 7538.39 MB total
[2025.05.22-15.22.19:482][  0]LogMemory: Virtual Memory: 134213392.00 MB used,  4333.82 MB free, 134217728.00 MB total
[2025.05.22-15.22.19:503][  0]LogWindows: WindowsPlatformFeatures enabled
[2025.05.22-15.22.19:636][  0]LogInit: Physics initialised using underlying interface: PhysX
[2025.05.22-15.22.19:637][  0]LogInit: Using OS detected language (fr-FR).
[2025.05.22-15.22.19:637][  0]LogInit: Using OS detected locale (fr-FR).
[2025.05.22-15.22.19:688][  0]LogTextLocalizationManager: No specific localization for 'fr-FR' exists, so the 'fr' localization will be used.
[2025.05.22-15.22.19:713][  0]LogTextLocalizationResource: LocRes '../../../Engine/Content/Localization/Editor/fr/Editor.locres' could not be opened for reading!
[2025.05.22-15.22.19:713][  0]LogTextLocalizationResource: LocRes '../../../Engine/Content/Localization/EditorTutorials/fr/EditorTutorials.locres' could not be opened for reading!
[2025.05.22-15.22.19:713][  0]LogTextLocalizationResource: LocRes '../../../Engine/Content/Localization/Keywords/fr/Keywords.locres' could not be opened for reading!
[2025.05.22-15.22.19:713][  0]LogTextLocalizationResource: LocRes '../../../Engine/Content/Localization/Category/fr/Category.locres' could not be opened for reading!
[2025.05.22-15.22.19:714][  0]LogTextLocalizationResource: LocRes '../../../Engine/Content/Localization/ToolTips/fr/ToolTips.locres' could not be opened for reading!
[2025.05.22-15.22.19:714][  0]LogTextLocalizationResource: LocRes '../../../Engine/Content/Localization/PropertyNames/fr/PropertyNames.locres' could not be opened for reading!
[2025.05.22-15.22.19:714][  0]LogTextLocalizationResource: LocRes '../../../Engine/Content/Localization/Engine/fr/Engine.locres' could not be opened for reading!
[2025.05.22-15.22.19:767][  0]LogWindowsTextInputMethodSystem: Display: IME system deactivated.
[2025.05.22-15.22.19:854][  0]LogSlate: New Slate User Created.  User Index 0, Is Virtual User: 0
[2025.05.22-15.22.19:854][  0]LogSlate: Slate User Registered.  User Index 0, Is Virtual User: 0
[2025.05.22-15.22.19:922][  0]LogD3D11RHI: Loaded GFSDK_Aftermath_Lib.x64.dll
[2025.05.22-15.22.19:930][  0]LogHMD: Failed to initialize OpenVR with code 110
[2025.05.22-15.22.19:930][  0]LogD3D11RHI: D3D11 min allowed feature level: 11_0
[2025.05.22-15.22.19:930][  0]LogD3D11RHI: D3D11 max allowed feature level: 11_0
[2025.05.22-15.22.19:930][  0]LogD3D11RHI: D3D11 adapters:
[2025.05.22-15.22.20:083][  0]LogD3D11RHI:    0. 'AMD Radeon(TM) Graphics' (Feature Level 11_0)
[2025.05.22-15.22.20:083][  0]LogD3D11RHI:       495/0/3769 MB DedicatedVideo/DedicatedSystem/SharedSystem, Outputs:1, VendorId:0x1002
[2025.05.22-15.22.20:092][  0]LogD3D11RHI:    1. 'Microsoft Basic Render Driver' (Feature Level 11_0)
[2025.05.22-15.22.20:092][  0]LogD3D11RHI:       0/0/3769 MB DedicatedVideo/DedicatedSystem/SharedSystem, Outputs:0, VendorId:0x1414
[2025.05.22-15.22.20:092][  0]LogD3D11RHI: Chosen D3D11 Adapter:
[2025.05.22-15.22.20:092][  0]LogD3D11RHI:     Description : AMD Radeon(TM) Graphics
[2025.05.22-15.22.20:092][  0]LogD3D11RHI:     VendorId    : 1002
[2025.05.22-15.22.20:092][  0]LogD3D11RHI:     DeviceId    : 1636
[2025.05.22-15.22.20:092][  0]LogD3D11RHI:     SubSysId    : 87c5103c
[2025.05.22-15.22.20:092][  0]LogD3D11RHI:     Revision    : 00c3
[2025.05.22-15.22.20:093][  0]LogD3D11RHI:     DedicatedVideoMemory : 519634944 bytes
[2025.05.22-15.22.20:093][  0]LogD3D11RHI:     DedicatedSystemMemory : 0 bytes
[2025.05.22-15.22.20:093][  0]LogD3D11RHI:     SharedSystemMemory : 3952289792 bytes
[2025.05.22-15.22.20:093][  0]LogD3D11RHI:     AdapterLuid : 0 84372
[2025.05.22-15.22.20:103][  0]LogD3D11RHI: Creating new Direct3DDevice
[2025.05.22-15.22.20:103][  0]LogD3D11RHI:     GPU DeviceId: 0x1636 (for the marketing name, search the web for "GPU Device Id")
[2025.05.22-15.22.20:103][  0]LogWindows: EnumDisplayDevices:
[2025.05.22-15.22.20:104][  0]LogWindows:    0. 'AMD Radeon(TM) Graphics' (P:1 D:1)
[2025.05.22-15.22.20:105][  0]LogWindows:    1. 'AMD Radeon(TM) Graphics' (P:0 D:0)
[2025.05.22-15.22.20:107][  0]LogWindows:    2. 'AMD Radeon(TM) Graphics' (P:0 D:0)
[2025.05.22-15.22.20:109][  0]LogWindows:    3. 'AMD Radeon(TM) Graphics' (P:0 D:0)
[2025.05.22-15.22.20:110][  0]LogWindows:    4. 'AMD Radeon(TM) Graphics' (P:0 D:0)
[2025.05.22-15.22.20:111][  0]LogWindows: DebugString: FoundDriverCount:5 
[2025.05.22-15.22.20:111][  0]LogD3D11RHI:     Adapter Name: AMD Radeon(TM) Graphics
[2025.05.22-15.22.20:111][  0]LogD3D11RHI:   Driver Version: AMD Software: Adrenalin Edition 23.19.14.04 (internal:31.0.21914.4000, unified:31.0.21914.4000)
[2025.05.22-15.22.20:111][  0]LogD3D11RHI:      Driver Date: 7-3-2024
[2025.05.22-15.22.20:111][  0]LogRHI: Texture pool is 2686 MB (70% of 3838 MB)
[2025.05.22-15.22.20:728][  0]LogD3D11RHI: Creating D3DDevice with AMD AGS, using adapter:
[2025.05.22-15.22.20:728][  0]LogD3D11RHI:     Description : AMD Radeon(TM) Graphics
[2025.05.22-15.22.20:728][  0]LogD3D11RHI:     VendorId    : 1002
[2025.05.22-15.22.20:728][  0]LogD3D11RHI:     DeviceId    : 1636
[2025.05.22-15.22.20:728][  0]LogD3D11RHI:     SubSysId    : 87c5103c
[2025.05.22-15.22.20:728][  0]LogD3D11RHI:     Revision    : 00c3
[2025.05.22-15.22.20:728][  0]LogD3D11RHI:     DedicatedVideoMemory : 519634944 bytes
[2025.05.22-15.22.20:728][  0]LogD3D11RHI:     DedicatedSystemMemory : 0 bytes
[2025.05.22-15.22.20:728][  0]LogD3D11RHI:     SharedSystemMemory : 3952289792 bytes
[2025.05.22-15.22.20:728][  0]LogD3D11RHI:     AdapterLuid : 0 84372
[2025.05.22-15.22.20:836][  0]LogD3D11RHI: Created device via AGS, feature level 11_0, supported extensions 1fffffbf.
[2025.05.22-15.22.20:836][  0]LogD3D11RHI: RHI has support for 64 bit atomics
[2025.05.22-15.22.20:836][  0]LogD3D11RHI: Async texture creation enabled
[2025.05.22-15.22.20:836][  0]LogD3D11RHI: Array index from any shader is supported
[2025.05.22-15.22.20:885][  0]LogD3D11RHI: GPU Timing Frequency: 100.000000 (Debug: 2 1)
[2025.05.22-15.22.22:331][  0]LogTargetPlatformManager: Display: Loaded TargetPlatform 'WindowsNoEditor'
[2025.05.22-15.22.22:337][  0]LogTargetPlatformManager: Display: Loaded TargetPlatform 'Windows'
[2025.05.22-15.22.22:341][  0]LogTargetPlatformManager: Display: Loaded TargetPlatform 'WindowsClient'
[2025.05.22-15.22.22:346][  0]LogTargetPlatformManager: Display: Loaded TargetPlatform 'WindowsServer'
[2025.05.22-15.22.22:346][  0]LogTargetPlatformManager: Display: Building Assets For Windows
[2025.05.22-15.22.22:355][  0]LogAudioDebug: Display: Lib vorbis DLL was dynamically loaded.
[2025.05.22-15.22.22:383][  0]LogTextureFormatOodle: Display: Oodle Texture 2.9.0 init RDO Off
[2025.05.22-15.22.22:409][  0]LogRendererCore: Ray tracing is disabled. Reason: r.RayTracing=0.
[2025.05.22-15.22.22:409][  0]LogShaderCompilers: Guid format shader working directory is -23 characters bigger than the processId version (../../../../../../Users/mathe/Documents/Unreal Projects/SavonRancer2/Intermediate/Shaders/WorkingDirectory/16744/).
[2025.05.22-15.22.22:410][  0]LogShaderCompilers: Cleaned the shader compiler working directory 'C:/Users/mathe/AppData/Local/Temp/UnrealShaderWorkingDir/74DC9C52403F6C021F6135B8811F54DB/'.
[2025.05.22-15.22.22:415][  0]LogShaderCompilers: Display: Using XGE Controller for Shader Compilation.
[2025.05.22-15.22.23:840][  0]LogDerivedDataCache: Display: Max Cache Size: 512 MB
[2025.05.22-15.22.24:085][  0]LogDerivedDataCache: Loaded boot cache 0.24s 94MB C:/Users/mathe/AppData/Local/UnrealEngine/4.27/DerivedDataCache/Boot.ddc.
[2025.05.22-15.22.24:085][  0]LogDerivedDataCache: Display: Loaded Boot cache: C:/Users/mathe/AppData/Local/UnrealEngine/4.27/DerivedDataCache/Boot.ddc
[2025.05.22-15.22.24:085][  0]LogDerivedDataCache: FDerivedDataBackendGraph:  Pak pak cache file ../../../../../../Users/mathe/Documents/Unreal Projects/SavonRancer2/DerivedDataCache/DDC.ddp not found, will not use a pak cache.
[2025.05.22-15.22.24:085][  0]LogDerivedDataCache: Unable to find inner node Pak for hierarchical cache Hierarchy.
[2025.05.22-15.22.24:085][  0]LogDerivedDataCache: FDerivedDataBackendGraph:  CompressedPak pak cache file ../../../../../../Users/mathe/Documents/Unreal Projects/SavonRancer2/DerivedDataCache/Compressed.ddp not found, will not use a pak cache.
[2025.05.22-15.22.24:085][  0]LogDerivedDataCache: Unable to find inner node CompressedPak for hierarchical cache Hierarchy.
[2025.05.22-15.22.24:132][  0]LogDerivedDataCache: Display: Pak cache opened for reading ../../../Engine/DerivedDataCache/Compressed.ddp.
[2025.05.22-15.22.24:132][  0]LogDerivedDataCache: FDerivedDataBackendGraph:  EnterprisePak pak cache file ../../../Enterprise/DerivedDataCache/Compressed.ddp not found, will not use a pak cache.
[2025.05.22-15.22.24:132][  0]LogDerivedDataCache: Unable to find inner node EnterprisePak for hierarchical cache Hierarchy.
[2025.05.22-15.22.24:222][  0]LogDerivedDataCache: Speed tests for C:/Users/mathe/AppData/Local/UnrealEngine/Common/DerivedDataCache took 0.09 seconds
[2025.05.22-15.22.24:223][  0]LogDerivedDataCache: Display: Performance to C:/Users/mathe/AppData/Local/UnrealEngine/Common/DerivedDataCache: Latency=0.09ms. RandomReadSpeed=155.89MBs, RandomWriteSpeed=11.15MBs. Assigned SpeedClass 'Local'
[2025.05.22-15.22.24:227][  0]LogDerivedDataCache: Using Local data cache path C:/Users/mathe/AppData/Local/UnrealEngine/Common/DerivedDataCache: Writable
[2025.05.22-15.22.24:227][  0]LogDerivedDataCache: Shared data cache path not found in *engine.ini, will not use an Shared cache.
[2025.05.22-15.22.24:227][  0]LogDerivedDataCache: Unable to find inner node Shared for hierarchical cache Hierarchy.
[2025.05.22-15.22.24:283][  0]LogSlate: Using FreeType 2.10.0
[2025.05.22-15.22.24:286][  0]LogSlate: SlateFontServices - WITH_FREETYPE: 1, WITH_HARFBUZZ: 1
[2025.05.22-15.22.24:733][  0]LogInit: Using OS detected language (fr-FR).
[2025.05.22-15.22.24:733][  0]LogInit: Using OS detected locale (fr-FR).
[2025.05.22-15.22.24:734][  0]LogTextLocalizationManager: No localization for 'fr-FR' exists, so 'en' will be used for the language.
[2025.05.22-15.22.24:735][  0]LogTextLocalizationManager: No localization for 'fr-FR' exists, so 'en' will be used for the locale.
[2025.05.22-15.22.24:735][  0]LogSlate: FontCache flush requested. Reason: Culture for localization was changed
[2025.05.22-15.22.24:735][  0]LogSlate: FontCache flush requested. Reason: Culture for localization was changed
[2025.05.22-15.22.24:745][  0]LogAssetRegistry: FAssetRegistry took 0.0055 seconds to start up
[2025.05.22-15.22.25:687][  0]LogPackageLocalizationCache: Processed 29 localized package path(s) for 1 prioritized culture(s) in 0.060958 seconds
[2025.05.22-15.22.25:984][  0]LogTextLocalizationManager: Compacting localization data took   0.01ms
[2025.05.22-15.22.25:984][  0]LogInit: Selected Device Profile: [Windows]
[2025.05.22-15.22.25:984][  0]LogInit: Active device profile: [000001B43E4ECF00][000001B439747240 49] Windows
[2025.05.22-15.22.25:984][  0]LogInit: Profiles: [000001B43E4ECF00][000001B439747240 49] Windows, [000001B43E4A6B00][000001B439F0D3C0 49] WindowsNoEditor, [000001B43E4EDF00][000001B439F11540 49] WindowsServer, [000001B43E4A5D00][000001B439F156C0 49] WindowsClient, [000001B43E4ED000][000001B43A317840 49] IOS, [000001B43E4A5800][000001B43A31B9C0 49] iPadAir, [000001B43E4EF300][000001B43A31FB40 49] iPadAir2, [000001B43E455300][000001B439F08240 49] IPadPro, [000001B43E455400][000001B43A322280 49] iPadAir3, [000001B43E4A4B00][000001B43A3263C0 49] iPadAir4, [000001B43E456100][000001B43A32A500 49] iPadMini2, [000001B43E4A7B00][000001B43A332680 49] iPadMini3, [000001B43E456C00][000001B43A336800 49] iPadMini4, [000001B43E4A6E00][000001B43A33A980 49] iPadMini5, [000001B43E474E00][000001B43A342C40 49] iPhone6, [000001B43E474F00][000001B43A33EC80 49] iPodTouch6, [000001B43E4EE800][000001B43A34AF40 49] iPhone7, [000001B43E4EE900][000001B43A346F80 49] iPodTouch7, [000001B43E454C00][000001B43A005100 49] iPhone5S, [000001B43E4ED300][000001B43A009280 49] iPhone6Plus, [000001B43E456A00][000001B43A01F400 49] iPhone6S, [000001B43E4EED00][000001B43A023580 49] iPhone6SPlus, [000001B43E474100][000001B43A027700 49] iPhone7Plus, [000001B43E455D00][000001B43A02B880 49] iPhoneSE, [000001B43E474C00][000001B43A02FA00 49] iPhone8, [000001B43E454400][000001B43A033B80 49] iPhone8Plus, [000001B43E476A00][000001B43A048180 49] iPhoneX, [000001B43E457C00][000001B43A04C300 49] iPhoneXS, [000001B43E476900][000001B43A32E440 49] iPhoneXSMax, [000001B43E454B00][000001B43F2C2580 49] iPhoneXR, [000001B43E4EF800][000001B43F2C66C0 49] iPhone11, [000001B43E457D00][000001B43F2CE840 49] iPhone11Pro, [000001B43E4EDC00][000001B43F2D29C0 49] iPhone11ProMax, [000001B43E455100][000001B439E36B40 49] iPhoneSE2, [000001B43E4ED200][000001B439E3ACC0 49] iPhone12Mini, [000001B43E457100][000001B439E3EE40 49] iPhone12, [000001B43E4EC900][000001B439E42FC0 49] iPhone12Pro, [000001B43E454D00][000001B439E47140 49] iPhone12ProMax, [000001B43E4EFC00][000001B439E4B2C0 49] iPadPro105, [000001B43E457700][000001B439E4F440 49] iPadPro129, [000001B43E4EF000][000001B439E535C0 49] iPadPro97, [000001B43E454F00][000001B439E57740 49] iPadPro2_129, [000001B43E4ECC00][000001B439E5B8C0 49] iPad5, [000001B43E457B00][000001B439E5FA40 49] iPad6, [000001B43E4EC400][000001B439E63BC0 49] iPad7, [000001B43E457E00][000001B439E661C0 49] iPad8, [000001B43E4ED400][000001B439E6A340 49] iPadPro11, [000001B43E456400][000001B439E6E4C0 49] iPadPro2_11, [000001B43E4EC800][000001B43F2CA600 49] iPadPro3_129, [000001B43E456800][000001B439E72740 49] iPadPro4_129, [000001B43E4EEF00][000001B439E76880 49] AppleTV, [000001B43E455900][000001B439E7A9C0 49] AppleTV4K, [000001B43E4ED700][000001B439E82B40 49] TVOS, [000001B43E455500][000001B439E86CC0 49] Mac, [000001B43E4EDB00][000001B439E8AE40 49] MacClient, [000001B43E456500][000001B439E8EFC0 49] MacNoEditor, [000001B43E4EC500][000001B439E93140 49] MacServer, [000001B43E456000][000001B439E972C0 49] Linux, [000001B43E4EFB00][000001B439E9B440 49] LinuxAArch64, [000001B43E454100][000001B439E9F5C0 49] LinuxNoEditor, [000001B43E4EF700][000001B43F2D7740 49] LinuxAArch64NoEditor, [000001B43E456900][000001B43F2DB8C0 49] LinuxClient, [000001B43E4EE600][000001B43F2DFA40 49] LinuxAArch64Client, [000001B43E454A00][000001B43F2E3BC0 49] LinuxServer, [000001B43E4EC200][000001B43F2E61C0 49] LinuxAArch64Server, [000001B43E456300][000001B43F2EA340 49] Android, [000001B43E4EE100][000001B43F2EE4C0 49] Android_Low, [000001B43E455E00][000001B43F2F2640 49] Android_Mid, [000001B43E4EFA00][000001B439E7E780 49] Android_High, [000001B43E456D00][000001B43F2F68C0 49] Android_Default, [000001B43E4EC600][000001B43F2FAA00 49] Android_Adreno4xx, [000001B43E454300][000001B43F2FEB40 49] Android_Adreno5xx_Low, [000001B43E4EEA00][000001B43F306CC0 49] Android_Adreno5xx, [000001B43E456B00][000001B43F30AE40 49] Android_Adreno6xx, [000001B43E4ECB00][000001B43F30EFC0 49] Android_Adreno6xx_Vulkan, [000001B43E455600][000001B43F313140 49] Android_Mali_T6xx, [000001B43E4EC700][000001B43F3172C0 49] Android_Mali_T7xx, [000001B43E4A6100][000001B43F31B440 49] Android_Mali_T8xx, [000001B43E474300][000001B43F31F5C0 49] Android_Mali_G71, [000001B43E4A4600][000001B43F323740 49] Android_Mali_G72, [000001B43E475200][000001B43F3278C0 49] Android_Mali_G72_Vulkan, [000001B43E4A5400][000001B43F32BA40 49] Android_Mali_G76, [000001B43E474700][000001B43F32FBC0 49] Android_Mali_G76_Vulkan, [000001B43E4A5500][000001B43F3321C0 49] Android_Mali_G77, [000001B43E477B00][000001B43F336340 49] Android_Mali_G77_Vulkan, [000001B43E4A6200][000001B43F33A4C0 49] Android_Mali_G78, [000001B43E477100][000001B43F33E640 49] Android_Mali_G78_Vulkan, [000001B43E4A5900][000001B43F3427C0 49] Android_Mali_G710, [000001B43E475B00][000001B43F346940 49] Android_Mali_G710_Vulkan, [000001B43E4A7D00][000001B43F302A80 49] Android_Vulkan_SM5, [000001B43E477800][000001B43F34ABC0 49] Android_PowerVR_G6xxx, [000001B43E4A6000][000001B43A050D00 49] Android_PowerVR_GT7xxx, [000001B43E475D00][000001B43A058E80 49] Android_PowerVR_GE8xxx, [000001B43E4A7400][000001B43A05D000 49] Android_PowerVR_GM9xxx, [000001B43E474800][000001B43A061180 49] Android_PowerVR_GM9xxx_Vulkan, [000001B43E4A6300][000001B43A065300 49] Android_TegraK1, [000001B43E475000][000001B43A069480 49] Android_Unknown_Vulkan, [000001B43E4A6A00][000001B43A06D600 49] Lumin, [000001B43E477E00][000001B43A071780 49] Lumin_Desktop, [000001B43E4A7200][000001B43A075900 49] HoloLens, 
[2025.05.22-15.22.26:287][  0]LogMeshReduction: Using QuadricMeshReduction for automatic static mesh reduction
[2025.05.22-15.22.26:287][  0]LogMeshReduction: Using SimplygonMeshReduction for automatic skeletal mesh reduction
[2025.05.22-15.22.26:287][  0]LogMeshReduction: Using ProxyLODMeshReduction for automatic mesh merging
[2025.05.22-15.22.26:287][  0]LogMeshReduction: No distributed automatic mesh merging module available
[2025.05.22-15.22.26:287][  0]LogMeshMerging: No distributed automatic mesh merging module available
[2025.05.22-15.22.26:325][  0]LogNetVersion: SavonRancer2 1.0.0, NetCL: 17155196, EngineNetVer: 17, GameNetVer: 0 (Checksum: 3686244903)
[2025.05.22-15.22.27:642][  0]LogTexture: Default maximum texture size for cubemaps generated from long-lat sources has been changed from 512 to unlimited. In order to preserve old behaiour for '/Engine/MapTemplates/Sky/DaylightAmbientCubemap.DaylightAmbientCubemap', its maximum texture size has been explicitly set to 512.
[2025.05.22-15.22.29:226][  0]LogHMD: PokeAHoleMaterial loaded successfully
[2025.05.22-15.22.29:500][  0]LogMoviePlayer: Initializing movie player
[2025.05.22-15.22.30:446][  0]LogPython: Using Python 3.7.7
[2025.05.22-15.22.32:059][  0]LogNiagaraDebuggerClient: Niagara Debugger Client Initialized | Session: 1D1C28794C84FEFE4D28D3A682AD47B0 | Instance: A1A800C246B5760E7F483C832F782326 (DESKTOP-GUT3M20-16744).
[2025.05.22-15.22.32:082][  0]LogCollectionManager: Loaded 0 collections in 0.003003 seconds
[2025.05.22-15.22.32:090][  0]LogFileCache: Scanning file cache for directory 'C:/Users/mathe/Documents/Unreal Projects/SavonRancer2/Saved/Collections/' took 0.00s
[2025.05.22-15.22.32:090][  0]LogFileCache: Scanning file cache for directory 'C:/Users/mathe/Documents/Unreal Projects/SavonRancer2/Content/Developers/mathe/Collections/' took 0.00s
[2025.05.22-15.22.32:090][  0]LogFileCache: Scanning file cache for directory 'C:/Users/mathe/Documents/Unreal Projects/SavonRancer2/Content/Collections/' took 0.00s
[2025.05.22-15.22.32:090][  0]LogCollectionManager: Fixed up redirectors for 0 collections in 0.000002 seconds (updated 0 objects)
[2025.05.22-15.22.32:126][  0]LogTcpMessaging: Initializing TcpMessaging bridge
[2025.05.22-15.22.32:131][  0]LogUdpMessaging: Initializing bridge on interface 0.0.0.0:0 to multicast group 230.0.0.1:6666.
[2025.05.22-15.22.32:286][  0]LogSteamShared: Display: Loading Steam SDK 1.51
[2025.05.22-15.22.32:287][  0]LogSteamShared: Steam SDK Loaded!
[2025.05.22-15.22.32:355][  0]SourceControl: Source control is disabled
[2025.05.22-15.22.32:355][  0]SourceControl: Source control is disabled
[2025.05.22-15.22.32:357][  0]SourceControl: Source control is disabled
[2025.05.22-15.22.32:360][  0]LogUProjectInfo: Found projects:
[2025.05.22-15.22.32:438][  0]LogOpenImageDenoise: OIDN starting up
[2025.05.22-15.22.32:469][  0]LogAndroidPermission: UAndroidPermissionCallbackProxy::GetInstance
[2025.05.22-15.22.32:485][  0]LogAudioCaptureCore: Display: No Audio Capture implementations found. Audio input will be silent.
[2025.05.22-15.22.32:485][  0]LogAudioCaptureCore: Display: No Audio Capture implementations found. Audio input will be silent.
[2025.05.22-15.22.32:579][  0]LogOcInput: OculusInput pre-init called
[2025.05.22-15.22.32:596][  0]LogUObjectArray: 22442 objects as part of root set at end of initial load.
[2025.05.22-15.22.32:596][  0]LogUObjectAllocator: 6082832 out of 0 bytes used by permanent object pool.
[2025.05.22-15.22.32:596][  0]LogUObjectArray: CloseDisregardForGC: 0/0 objects in disregard for GC pool
[2025.05.22-15.22.33:016][  0]LogClass: Display: EnumProperty FVehicleThrustConfig::ThrustType is not initialized properly. Module:ChaosVehicles File:Public/ChaosVehicleMovementComponent.h
[2025.05.22-15.22.33:057][  0]LogClass: Display: StructProperty FVehicleThrustConfig::Offset is not initialized properly. Module:ChaosVehicles File:Public/ChaosVehicleMovementComponent.h
[2025.05.22-15.22.33:057][  0]LogClass: Display: StructProperty FVehicleThrustConfig::ThrustAxis is not initialized properly. Module:ChaosVehicles File:Public/ChaosVehicleMovementComponent.h
[2025.05.22-15.22.33:057][  0]LogClass: Display: FloatProperty FVehicleThrustConfig::MaxThrustForce is not initialized properly. Module:ChaosVehicles File:Public/ChaosVehicleMovementComponent.h
[2025.05.22-15.22.33:057][  0]LogClass: Display: FloatProperty FVehicleThrustConfig::MaxControlAngle is not initialized properly. Module:ChaosVehicles File:Public/ChaosVehicleMovementComponent.h
[2025.05.22-15.22.33:068][  0]LogClass: Display: EnumProperty FVehicleAerofoilConfig::AerofoilType is not initialized properly. Module:ChaosVehicles File:Public/ChaosVehicleMovementComponent.h
[2025.05.22-15.22.33:068][  0]LogClass: Display: StructProperty FVehicleAerofoilConfig::Offset is not initialized properly. Module:ChaosVehicles File:Public/ChaosVehicleMovementComponent.h
[2025.05.22-15.22.33:068][  0]LogClass: Display: StructProperty FVehicleAerofoilConfig::UpAxis is not initialized properly. Module:ChaosVehicles File:Public/ChaosVehicleMovementComponent.h
[2025.05.22-15.22.33:068][  0]LogClass: Display: FloatProperty FVehicleAerofoilConfig::Area is not initialized properly. Module:ChaosVehicles File:Public/ChaosVehicleMovementComponent.h
[2025.05.22-15.22.33:068][  0]LogClass: Display: FloatProperty FVehicleAerofoilConfig::Camber is not initialized properly. Module:ChaosVehicles File:Public/ChaosVehicleMovementComponent.h
[2025.05.22-15.22.33:068][  0]LogClass: Display: FloatProperty FVehicleAerofoilConfig::MaxControlAngle is not initialized properly. Module:ChaosVehicles File:Public/ChaosVehicleMovementComponent.h
[2025.05.22-15.22.33:068][  0]LogClass: Display: FloatProperty FVehicleAerofoilConfig::StallAngle is not initialized properly. Module:ChaosVehicles File:Public/ChaosVehicleMovementComponent.h
[2025.05.22-15.22.33:068][  0]LogClass: Display: FloatProperty FVehicleAerofoilConfig::LiftMultiplier is not initialized properly. Module:ChaosVehicles File:Public/ChaosVehicleMovementComponent.h
[2025.05.22-15.22.33:068][  0]LogClass: Display: FloatProperty FVehicleAerofoilConfig::DragMultiplier is not initialized properly. Module:ChaosVehicles File:Public/ChaosVehicleMovementComponent.h
[2025.05.22-15.22.33:068][  0]LogClass: Display: BoolProperty FVehicleStabilizeControlConfig::Enabled is not initialized properly. Module:ChaosVehicles File:Public/ChaosVehicleMovementComponent.h
[2025.05.22-15.22.33:068][  0]LogClass: Display: FloatProperty FVehicleStabilizeControlConfig::AltitudeHoldZ is not initialized properly. Module:ChaosVehicles File:Public/ChaosVehicleMovementComponent.h
[2025.05.22-15.22.33:068][  0]LogClass: Display: FloatProperty FVehicleStabilizeControlConfig::PositionHoldXY is not initialized properly. Module:ChaosVehicles File:Public/ChaosVehicleMovementComponent.h
[2025.05.22-15.22.33:068][  0]LogClass: Display: BoolProperty FVehicleTargetRotationControlConfig::Enabled is not initialized properly. Module:ChaosVehicles File:Public/ChaosVehicleMovementComponent.h
[2025.05.22-15.22.33:068][  0]LogClass: Display: BoolProperty FVehicleTargetRotationControlConfig::bRollVsSpeedEnabled is not initialized properly. Module:ChaosVehicles File:Public/ChaosVehicleMovementComponent.h
[2025.05.22-15.22.33:068][  0]LogClass: Display: FloatProperty FVehicleTargetRotationControlConfig::RollControlScaling is not initialized properly. Module:ChaosVehicles File:Public/ChaosVehicleMovementComponent.h
[2025.05.22-15.22.33:068][  0]LogClass: Display: FloatProperty FVehicleTargetRotationControlConfig::RollMaxAngle is not initialized properly. Module:ChaosVehicles File:Public/ChaosVehicleMovementComponent.h
[2025.05.22-15.22.33:068][  0]LogClass: Display: FloatProperty FVehicleTargetRotationControlConfig::PitchControlScaling is not initialized properly. Module:ChaosVehicles File:Public/ChaosVehicleMovementComponent.h
[2025.05.22-15.22.33:068][  0]LogClass: Display: FloatProperty FVehicleTargetRotationControlConfig::PitchMaxAngle is not initialized properly. Module:ChaosVehicles File:Public/ChaosVehicleMovementComponent.h
[2025.05.22-15.22.33:068][  0]LogClass: Display: FloatProperty FVehicleTargetRotationControlConfig::RotationStiffness is not initialized properly. Module:ChaosVehicles File:Public/ChaosVehicleMovementComponent.h
[2025.05.22-15.22.33:068][  0]LogClass: Display: FloatProperty FVehicleTargetRotationControlConfig::RotationDamping is not initialized properly. Module:ChaosVehicles File:Public/ChaosVehicleMovementComponent.h
[2025.05.22-15.22.33:068][  0]LogClass: Display: FloatProperty FVehicleTargetRotationControlConfig::MaxAccel is not initialized properly. Module:ChaosVehicles File:Public/ChaosVehicleMovementComponent.h
[2025.05.22-15.22.33:068][  0]LogClass: Display: FloatProperty FVehicleTargetRotationControlConfig::AutoCentreRollStrength is not initialized properly. Module:ChaosVehicles File:Public/ChaosVehicleMovementComponent.h
[2025.05.22-15.22.33:068][  0]LogClass: Display: FloatProperty FVehicleTargetRotationControlConfig::AutoCentrePitchStrength is not initialized properly. Module:ChaosVehicles File:Public/ChaosVehicleMovementComponent.h
[2025.05.22-15.22.33:068][  0]LogClass: Display: FloatProperty FVehicleTargetRotationControlConfig::AutoCentreYawStrength is not initialized properly. Module:ChaosVehicles File:Public/ChaosVehicleMovementComponent.h
[2025.05.22-15.22.33:068][  0]LogClass: Display: BoolProperty FVehicleTorqueControlConfig::Enabled is not initialized properly. Module:ChaosVehicles File:Public/ChaosVehicleMovementComponent.h
[2025.05.22-15.22.33:068][  0]LogClass: Display: FloatProperty FVehicleTorqueControlConfig::YawTorqueScaling is not initialized properly. Module:ChaosVehicles File:Public/ChaosVehicleMovementComponent.h
[2025.05.22-15.22.33:068][  0]LogClass: Display: FloatProperty FVehicleTorqueControlConfig::YawFromSteering is not initialized properly. Module:ChaosVehicles File:Public/ChaosVehicleMovementComponent.h
[2025.05.22-15.22.33:068][  0]LogClass: Display: FloatProperty FVehicleTorqueControlConfig::YawFromRollTorqueScaling is not initialized properly. Module:ChaosVehicles File:Public/ChaosVehicleMovementComponent.h
[2025.05.22-15.22.33:069][  0]LogClass: Display: FloatProperty FVehicleTorqueControlConfig::PitchTorqueScaling is not initialized properly. Module:ChaosVehicles File:Public/ChaosVehicleMovementComponent.h
[2025.05.22-15.22.33:069][  0]LogClass: Display: FloatProperty FVehicleTorqueControlConfig::RollTorqueScaling is not initialized properly. Module:ChaosVehicles File:Public/ChaosVehicleMovementComponent.h
[2025.05.22-15.22.33:069][  0]LogClass: Display: FloatProperty FVehicleTorqueControlConfig::RollFromSteering is not initialized properly. Module:ChaosVehicles File:Public/ChaosVehicleMovementComponent.h
[2025.05.22-15.22.33:069][  0]LogClass: Display: FloatProperty FVehicleTorqueControlConfig::RotationDamping is not initialized properly. Module:ChaosVehicles File:Public/ChaosVehicleMovementComponent.h
[2025.05.22-15.22.33:069][  0]LogClass: Display: FloatProperty FVehicleReplicatedState::SteeringInput is not initialized properly. Module:ChaosVehicles File:Public/ChaosVehicleMovementComponent.h
[2025.05.22-15.22.33:069][  0]LogClass: Display: FloatProperty FVehicleReplicatedState::ThrottleInput is not initialized properly. Module:ChaosVehicles File:Public/ChaosVehicleMovementComponent.h
[2025.05.22-15.22.33:069][  0]LogClass: Display: FloatProperty FVehicleReplicatedState::BrakeInput is not initialized properly. Module:ChaosVehicles File:Public/ChaosVehicleMovementComponent.h
[2025.05.22-15.22.33:069][  0]LogClass: Display: FloatProperty FVehicleReplicatedState::PitchInput is not initialized properly. Module:ChaosVehicles File:Public/ChaosVehicleMovementComponent.h
[2025.05.22-15.22.33:069][  0]LogClass: Display: FloatProperty FVehicleReplicatedState::RollInput is not initialized properly. Module:ChaosVehicles File:Public/ChaosVehicleMovementComponent.h
[2025.05.22-15.22.33:069][  0]LogClass: Display: FloatProperty FVehicleReplicatedState::YawInput is not initialized properly. Module:ChaosVehicles File:Public/ChaosVehicleMovementComponent.h
[2025.05.22-15.22.33:069][  0]LogClass: Display: FloatProperty FVehicleReplicatedState::HandbrakeInput is not initialized properly. Module:ChaosVehicles File:Public/ChaosVehicleMovementComponent.h
[2025.05.22-15.22.33:069][  0]LogClass: Display: IntProperty FVehicleReplicatedState::TargetGear is not initialized properly. Module:ChaosVehicles File:Public/ChaosVehicleMovementComponent.h
[2025.05.22-15.22.33:069][  0]LogClass: Display: FloatProperty FVehicleReplicatedState::ThrottleUp is not initialized properly. Module:ChaosVehicles File:Public/ChaosVehicleMovementComponent.h
[2025.05.22-15.22.33:069][  0]LogClass: Display: FloatProperty FVehicleReplicatedState::ThrottleDown is not initialized properly. Module:ChaosVehicles File:Public/ChaosVehicleMovementComponent.h
[2025.05.22-15.22.33:069][  0]LogClass: Display: EnumProperty FVehicleSteeringConfig::SteeringType is not initialized properly. Module:ChaosVehicles File:Public/ChaosWheeledVehicleMovementComponent.h
[2025.05.22-15.22.33:069][  0]LogClass: Display: FloatProperty FVehicleSteeringConfig::AngleRatio is not initialized properly. Module:ChaosVehicles File:Public/ChaosWheeledVehicleMovementComponent.h
[2025.05.22-15.22.33:069][  0]LogClass: Display: BoolProperty FVehicleTransmissionConfig::bUseAutomaticGears is not initialized properly. Module:ChaosVehicles File:Public/ChaosWheeledVehicleMovementComponent.h
[2025.05.22-15.22.33:069][  0]LogClass: Display: BoolProperty FVehicleTransmissionConfig::bUseAutoReverse is not initialized properly. Module:ChaosVehicles File:Public/ChaosWheeledVehicleMovementComponent.h
[2025.05.22-15.22.33:069][  0]LogClass: Display: FloatProperty FVehicleTransmissionConfig::FinalRatio is not initialized properly. Module:ChaosVehicles File:Public/ChaosWheeledVehicleMovementComponent.h
[2025.05.22-15.22.33:069][  0]LogClass: Display: FloatProperty FVehicleTransmissionConfig::ChangeUpRPM is not initialized properly. Module:ChaosVehicles File:Public/ChaosWheeledVehicleMovementComponent.h
[2025.05.22-15.22.33:069][  0]LogClass: Display: FloatProperty FVehicleTransmissionConfig::ChangeDownRPM is not initialized properly. Module:ChaosVehicles File:Public/ChaosWheeledVehicleMovementComponent.h
[2025.05.22-15.22.33:069][  0]LogClass: Display: FloatProperty FVehicleTransmissionConfig::GearChangeTime is not initialized properly. Module:ChaosVehicles File:Public/ChaosWheeledVehicleMovementComponent.h
[2025.05.22-15.22.33:069][  0]LogClass: Display: FloatProperty FVehicleTransmissionConfig::TransmissionEfficiency is not initialized properly. Module:ChaosVehicles File:Public/ChaosWheeledVehicleMovementComponent.h
[2025.05.22-15.22.33:069][  0]LogClass: Display: FloatProperty FVehicleEngineConfig::MaxTorque is not initialized properly. Module:ChaosVehicles File:Public/ChaosWheeledVehicleMovementComponent.h
[2025.05.22-15.22.33:069][  0]LogClass: Display: FloatProperty FVehicleEngineConfig::MaxRPM is not initialized properly. Module:ChaosVehicles File:Public/ChaosWheeledVehicleMovementComponent.h
[2025.05.22-15.22.33:069][  0]LogClass: Display: FloatProperty FVehicleEngineConfig::EngineIdleRPM is not initialized properly. Module:ChaosVehicles File:Public/ChaosWheeledVehicleMovementComponent.h
[2025.05.22-15.22.33:069][  0]LogClass: Display: FloatProperty FVehicleEngineConfig::EngineBrakeEffect is not initialized properly. Module:ChaosVehicles File:Public/ChaosWheeledVehicleMovementComponent.h
[2025.05.22-15.22.33:069][  0]LogClass: Display: FloatProperty FVehicleEngineConfig::EngineRevUpMOI is not initialized properly. Module:ChaosVehicles File:Public/ChaosWheeledVehicleMovementComponent.h
[2025.05.22-15.22.33:069][  0]LogClass: Display: FloatProperty FVehicleEngineConfig::EngineRevDownRate is not initialized properly. Module:ChaosVehicles File:Public/ChaosWheeledVehicleMovementComponent.h
[2025.05.22-15.22.33:069][  0]LogClass: Display: EnumProperty FVehicleDifferentialConfig::DifferentialType is not initialized properly. Module:ChaosVehicles File:Public/ChaosWheeledVehicleMovementComponent.h
[2025.05.22-15.22.33:069][  0]LogClass: Display: FloatProperty FVehicleDifferentialConfig::FrontRearSplit is not initialized properly. Module:ChaosVehicles File:Public/ChaosWheeledVehicleMovementComponent.h
[2025.05.22-15.22.33:316][  0]LogClass: Display: BoolProperty FBPSteamGroupOfficer::bIsOwner is not initialized properly. Module:AdvancedSteamSessions File:Classes/SteamRequestGroupOfficersCallbackProxy.h
[2025.05.22-15.22.33:316][  0]LogClass: Display: IntProperty FBPSteamGroupInfo::numOnline is not initialized properly. Module:AdvancedSteamSessions File:Classes/AdvancedSteamFriendsLibrary.h
[2025.05.22-15.22.33:316][  0]LogClass: Display: IntProperty FBPSteamGroupInfo::numInGame is not initialized properly. Module:AdvancedSteamSessions File:Classes/AdvancedSteamFriendsLibrary.h
[2025.05.22-15.22.33:316][  0]LogClass: Display: IntProperty FBPSteamGroupInfo::numChatting is not initialized properly. Module:AdvancedSteamSessions File:Classes/AdvancedSteamFriendsLibrary.h
[2025.05.22-15.22.33:319][  0]LogClass: Display: IntProperty FRegisteredDeviceInfo::Handle is not initialized properly. Module:RawInput File:Public/RawInputFunctionLibrary.h
[2025.05.22-15.22.33:319][  0]LogClass: Display: IntProperty FRegisteredDeviceInfo::VendorID is not initialized properly. Module:RawInput File:Public/RawInputFunctionLibrary.h
[2025.05.22-15.22.33:321][  0]LogClass: Display: IntProperty FRegisteredDeviceInfo::ProductID is not initialized properly. Module:RawInput File:Public/RawInputFunctionLibrary.h
[2025.05.22-15.22.33:322][  0]LogClass: Display: 71 Uninitialized script struct members found including 0 object properties
[2025.05.22-15.22.33:323][  0]LogEngine: Initializing Engine...
[2025.05.22-15.22.33:349][  0]LogHMD: Failed to enumerate extensions. Please check that you have a valid OpenXR runtime installed.
[2025.05.22-15.22.33:352][  0]LogHMD: Failed to initialize OpenVR with code 110
[2025.05.22-15.22.33:352][  0]LogMagicLeap: Warning: VR disabled because ZI is not enabled.  To enable, in the editor, Edit -> Project Settings -> Plugins -> Magic Leap Plugin -> Enable Zero Iteration
[2025.05.22-15.22.33:366][  0]LogStats: UGameplayTagsManager::InitializeManager -  0.001 s
[2025.05.22-15.22.34:525][  0]LogInit: Initializing FReadOnlyCVARCache
[2025.05.22-15.22.34:525][  0]LogAudio: Display: Initializing Audio Device Manager...
[2025.05.22-15.22.34:544][  0]LogAudio: Display: Loading Default Audio Settings Objects...
[2025.05.22-15.22.34:563][  0]LogAudio: Display: No default SoundConcurrencyObject specified (or failed to load).
[2025.05.22-15.22.34:564][  0]LogAudio: Display: Audio Device Manager Initialized
[2025.05.22-15.22.34:564][  0]LogAudio: Display: Creating Audio Device:                 Id: 1, Scope: Shared, Realtime: True
[2025.05.22-15.22.34:564][  0]LogAudioMixer: Display: Audio Mixer Platform Settings:
[2025.05.22-15.22.34:564][  0]LogAudioMixer: Display: 	Sample Rate:						  48000
[2025.05.22-15.22.34:564][  0]LogAudioMixer: Display: 	Callback Buffer Frame Size Requested: 1024
[2025.05.22-15.22.34:564][  0]LogAudioMixer: Display: 	Callback Buffer Frame Size To Use:	  1024
[2025.05.22-15.22.34:564][  0]LogAudioMixer: Display: 	Number of buffers to queue:			  2
[2025.05.22-15.22.34:564][  0]LogAudioMixer: Display: 	Max Channels (voices):				  32
[2025.05.22-15.22.34:564][  0]LogAudioMixer: Display: 	Number of Async Source Workers:		  0
[2025.05.22-15.22.34:564][  0]LogAudio: Display: AudioDevice MaxSources: 32
[2025.05.22-15.22.34:565][  0]LogAudio: Display: Audio Spatialization Plugin: None (built-in).
[2025.05.22-15.22.34:565][  0]LogAudio: Display: Audio Reverb Plugin: None (built-in).
[2025.05.22-15.22.34:565][  0]LogAudio: Display: Audio Occlusion Plugin: None (built-in).
[2025.05.22-15.22.34:565][  0]LogAudioMixer: Display: Initializing audio mixer.
[2025.05.22-15.22.34:777][  0]LogAudioMixer: Display: 0: FrontLeft
[2025.05.22-15.22.34:777][  0]LogAudioMixer: Display: 1: FrontRight
[2025.05.22-15.22.35:001][  0]LogAudioMixer: Display: Using Audio Device Speaker (Realtek(R) Audio)
[2025.05.22-15.22.35:007][  0]LogAudioMixer: Display: Initializing Sound Submixes...
[2025.05.22-15.22.35:016][  0]LogAudioMixer: Display: Creating Master Submix 'MasterSubmixDefault'
[2025.05.22-15.22.35:016][  0]LogAudioMixer: Display: Creating Master Submix 'MasterReverbSubmixDefault'
[2025.05.22-15.22.35:018][  0]LogAudioMixer: Display: Creating Master Submix 'MasterEQSubmixDefault'
[2025.05.22-15.22.35:018][  0]LogAudioMixer: FMixerPlatformXAudio2::StartAudioStream() called
[2025.05.22-15.22.35:018][  0]LogAudioMixer: Display: Output buffers initialized: Frames=1024, Channels=2, Samples=2048
[2025.05.22-15.22.35:025][  0]LogAudioMixer: Display: Starting AudioMixerPlatformInterface::RunInternal()
[2025.05.22-15.22.35:025][  0]LogAudioMixer: Display: FMixerPlatformXAudio2::SubmitBuffer() called for the first time
[2025.05.22-15.22.35:025][  0]LogInit: FAudioDevice initialized.
[2025.05.22-15.22.35:050][  0]LogNetVersion: Set ProjectVersion to 1.0.0.0. Version Checksum will be recalculated on next use.
[2025.05.22-15.22.35:096][  0]LogInit: Texture streaming: Enabled
[2025.05.22-15.22.36:120][  0]LogAudio: Display: Audio Device (ID: 1) registered with world 'Untitled'.
[2025.05.22-15.22.36:122][  0]LogSlate: Updating window title bar state: overlay mode, drag disabled, window buttons hidden, title bar hidden
[2025.05.22-15.22.36:128][  0]LogInit: Display: Game Engine Initialized.
[2025.05.22-15.22.36:129][  0]LogNiagaraEditor: GEditor isn't valid! Particle reset commands will not work for Niagara components!
[2025.05.22-15.22.36:862][  0]LogInit: Display: Starting Game.
[2025.05.22-15.22.36:862][  0]LogNet: Browse: /Game/Maps/Menu/Menu?Name=Player
[2025.05.22-15.22.36:862][  0]LogLoad: LoadMap: /Game/Maps/Menu/Menu?Name=Player
[2025.05.22-15.22.36:862][  0]LogWorld: BeginTearingDown for /Temp/Untitled_0
[2025.05.22-15.22.36:882][  0]LogWorld: UWorld::CleanupWorld for Untitled, bSessionEnded=true, bCleanupResources=true
[2025.05.22-15.22.36:883][  0]LogSlate: InvalidateAllWidgets triggered.  All widgets were invalidated
[2025.05.22-15.22.37:048][  0]LogAudio: Display: Audio Device unregistered from world 'None'.
[2025.05.22-15.22.37:177][  0]LogUObjectHash: Compacting FUObjectHashTables data took   6.57ms
[2025.05.22-15.22.37:306][  0]LogAudio: Display: Audio Device (ID: 1) registered with world 'Menu'.
[2025.05.22-15.22.37:337][  0]LogAIModule: Creating AISystem for world Menu
[2025.05.22-15.22.37:338][  0]LogLoad: Game class is 'GM_Menu_C'
[2025.05.22-15.22.37:360][  0]LogWorld: Bringing World /Game/Maps/Menu/Menu.Menu up for play (max tick rate 0) at 2025.05.22-17.22.37
[2025.05.22-15.22.37:361][  0]LogWorld: Bringing up level for play took: 0.001476
[2025.05.22-15.22.37:362][  0]LogGameMode: FindPlayerStart: PATHS NOT DEFINED or NO PLAYERSTART with positive rating
[2025.05.22-15.22.37:370][  0]LogSlate: Took 0.000434 seconds to synchronously load lazily loaded font '../../../Engine/Content/Slate/Fonts/Roboto-Regular.ttf' (155K)
[2025.05.22-15.22.37:372][  0]LogLoad: Took 0.509485 seconds to LoadMap(/Game/Maps/Menu/Menu)
[2025.05.22-15.22.37:657][  0]LogRenderer: Reallocating scene render targets to support 1104x616 Format 10 NumSamples 1 (Frame:1).
[2025.05.22-15.22.37:657][  0]LogInit: Display: Engine is initialized. Leaving FEngineLoop::Init()
[2025.05.22-15.22.37:657][  0]LogLoad: (Engine Initialization) Total time: 25.91 seconds
[2025.05.22-15.22.37:657][  0]LogLoad: (Engine Initialization) Total Blueprint compile time: 0.00 seconds
[2025.05.22-15.22.38:275][  0]LogRawInputWindows: Warning: Found device 6 devices
[2025.05.22-15.22.38:275][  0]LogRawInputWindows: Warning: Found device 6 devices
[2025.05.22-15.22.38:275][  0]LogRawInputWindows: Warning: Device was registered succesfully but not connected (Usage:4 UsagePage:1)
[2025.05.22-15.22.38:275][  0]LogRawInputWindows: Warning: Found device 6 devices
[2025.05.22-15.22.38:275][  0]LogRawInputWindows: Warning: Device was registered succesfully but not connected (Usage:5 UsagePage:1)
[2025.05.22-15.22.38:283][  0]LogContentStreaming: Texture pool size now 1000 MB
[2025.05.22-15.22.38:384][  0]LogAudioMixer: Display: Audio Buffer Underrun (starvation) detected.
[2025.05.22-15.22.41:354][  0]LogSlate: Window 'SavonRancer2 (64-bit Development PCD3D_SM5) ' being destroyed
[2025.05.22-15.22.41:358][  0]LogWindowsTextInputMethodSystem: Display: IME system deactivated.
[2025.05.22-15.22.41:370][  0]LogSlate: InvalidateAllWidgets triggered.  All widgets were invalidated
[2025.05.22-15.22.41:386][  1]LogSlate: Updating window title bar state: overlay mode, drag disabled, window buttons hidden, title bar hidden
[2025.05.22-15.22.41:386][  1]LogEngine: All Windows Closed
[2025.05.22-15.22.41:386][  1]LogWindows: FPlatformMisc::RequestExit(0)
[2025.05.22-15.22.41:386][  1]LogWindows: FPlatformMisc::RequestExitWithStatus(0, 0)
[2025.05.22-15.22.41:386][  1]LogCore: Engine exit requested (reason: Win RequestExit)
[2025.05.22-15.22.41:386][  2]LogCore: Engine exit requested (reason: EngineExit() was called; note: exit was already requested)
[2025.05.22-15.22.41:386][  2]LogInit: Display: PreExit Game.
[2025.05.22-15.22.41:515][  2]LogWorld: BeginTearingDown for /Game/Maps/Menu/Menu
[2025.05.22-15.22.41:517][  2]LogWorld: UWorld::CleanupWorld for Menu, bSessionEnded=true, bCleanupResources=true
[2025.05.22-15.22.41:517][  2]LogSlate: InvalidateAllWidgets triggered.  All widgets were invalidated
[2025.05.22-15.22.42:416][  2]LogAudio: Display: Beginning Audio Device Manager Shutdown (Module: AudioMixerXAudio2)...
[2025.05.22-15.22.42:416][  2]LogAudio: Display: Destroying 1 Remaining Audio Device(s)...
[2025.05.22-15.22.42:416][  2]LogAudio: Display: Audio Device unregistered from world 'Menu'.
[2025.05.22-15.22.42:420][  2]LogAudioMixer: FMixerPlatformXAudio2::StopAudioStream() called
[2025.05.22-15.22.42:426][  2]LogAudioMixer: FMixerPlatformXAudio2::StopAudioStream() called
[2025.05.22-15.22.42:430][  2]LogAudio: Display: Audio Device Manager Shutdown
[2025.05.22-15.22.42:447][  2]LogExit: Preparing to exit.
[2025.05.22-15.22.43:196][  2]LogSlate: Updating window title bar state: overlay mode, drag disabled, window buttons hidden, title bar hidden
[2025.05.22-15.22.43:199][  2]LogUObjectHash: Compacting FUObjectHashTables data took   1.40ms
